-------------------------------------------------------------------------------
Test set: org.eclipse.jdt.core.tests.compiler.parser.TestAll
-------------------------------------------------------------------------------
Tests run: 21646, Failures: 0, Errors: 0, Skipped: 0, Time elapsed: 51.508 s - in org.eclipse.jdt.core.tests.compiler.parser.TestAll
testInIfStatement - 1.3  Time elapsed: 0.021 s
testNoQualificationQualifiedTypeName - 1.3  Time elapsed: 0.001 s
testNoQualificationSimpleTypeName - 1.3  Time elapsed: 0 s
testQualifiedWithName - 1.3  Time elapsed: 0.001 s
testQualifiedWithPrimary - 1.3  Time elapsed: 0 s
testArrayType - 1.3  Time elapsed: 0 s
testArrayTypeWithNonEmptyIdentifier - 1.3  Time elapsed: 0 s
testPrimitiveArrayType - 1.3  Time elapsed: 0 s
testPrimitiveArrayTypeWithNonEmptyIdentifier - 1.3  Time elapsed: 0 s
testPrimitiveType - 1.3  Time elapsed: 0.001 s
testPrimitiveTypeWithNonEmptyIdentifier - 1.3  Time elapsed: 0 s
test001 - 1.3  Time elapsed: 0.002 s
test002 - 1.3  Time elapsed: 0.001 s
test003 - 1.3  Time elapsed: 0 s
test004 - 1.3  Time elapsed: 0.001 s
test005 - 1.3  Time elapsed: 0 s
test006 - 1.3  Time elapsed: 0 s
test007 - 1.3  Time elapsed: 0 s
test008 - 1.3  Time elapsed: 0.001 s
test009 - 1.3  Time elapsed: 0 s
test010 - 1.3  Time elapsed: 0.001 s
test011 - 1.3  Time elapsed: 0 s
test012 - 1.3  Time elapsed: 0.001 s
test013 - 1.3  Time elapsed: 0 s
test014 - 1.3  Time elapsed: 0.002 s
test015 - 1.3  Time elapsed: 0.001 s
test016 - 1.3  Time elapsed: 0 s
test017 - 1.3  Time elapsed: 0 s
testA - 1.3  Time elapsed: 0.002 s
testAA_1 - 1.3  Time elapsed: 0.002 s
testAA_2 - 1.3  Time elapsed: 0.001 s
testAA_3 - 1.3  Time elapsed: 0.001 s
testAA_4 - 1.3  Time elapsed: 0.001 s
testAB_1FHU9LU - 1.3  Time elapsed: 0.001 s
testAC_1FJ8D9Z_1 - 1.3  Time elapsed: 0 s
testAC_1FJ8D9Z_2 - 1.3  Time elapsed: 0.001 s
testAC_1FJ8D9Z_3 - 1.3  Time elapsed: 0 s
testB - 1.3  Time elapsed: 0 s
testBA_1 - 1.3  Time elapsed: 0 s
testBA_2 - 1.3  Time elapsed: 0.001 s
testBB_1FHJ8H9 - 1.3  Time elapsed: 0 s
testBC_1FJ4GSG_1 - 1.3  Time elapsed: 0 s
testBC_1FJ4GSG_2 - 1.3  Time elapsed: 0 s
testBC_1FJ4GSG_3 - 1.3  Time elapsed: 0.001 s
testBug292087a - 1.3  Time elapsed: 0.001 s
testBug292087b - 1.3  Time elapsed: 0 s
testBug310423 - 1.3  Time elapsed: 0.001 s
testBug338789 - 1.3  Time elapsed: 0 s
testBug338789b - 1.3  Time elapsed: 0 s
testBug343637 - 1.3  Time elapsed: 0 s
testBug346415 - 1.3  Time elapsed: 0 s
testBug346454 - 1.3  Time elapsed: 0 s
testBug346454b - 1.3  Time elapsed: 0 s
testC - 1.3  Time elapsed: 0.001 s
testCA_1FGPJQZ - 1.3  Time elapsed: 0 s
testCB_1FHSKQ9_1 - 1.3  Time elapsed: 0.001 s
testCB_1FHSKQ9_2 - 1.3  Time elapsed: 0 s
testCC_1FJ64I9 - 1.3  Time elapsed: 0.001 s
testDA_1 - 1.3  Time elapsed: 0 s
testDA_2 - 1.3  Time elapsed: 0.001 s
testDA_3 - 1.3  Time elapsed: 0.001 s
testDA_4 - 1.3  Time elapsed: 0 s
testDA_5 - 1.3  Time elapsed: 0.001 s
testDB_1FHSLDR - 1.3  Time elapsed: 0 s
testDC_1FJJ0JR_1 - 1.3  Time elapsed: 0.001 s
testD_1 - 1.3  Time elapsed: 0.001 s
testD_2 - 1.3  Time elapsed: 0.001 s
testEA_1 - 1.3  Time elapsed: 0 s
testEA_2 - 1.3  Time elapsed: 0.001 s
testEB_1FI74S3 - 1.3  Time elapsed: 0 s
testEC_1FSBZ2Y - 1.3  Time elapsed: 0 s
testE_1FG1YDS_1 - 1.3  Time elapsed: 0.001 s
testE_1FG1YDS_2 - 1.3  Time elapsed: 0 s
testE_1FG1YDS_3 - 1.3  Time elapsed: 0.001 s
testF - 1.3  Time elapsed: 0 s
testFA_1 - 1.3  Time elapsed: 0.001 s
testFA_2 - 1.3  Time elapsed: 0 s
testFB_1FI74S3 - 1.3  Time elapsed: 0.001 s
testFC_1FSBZ9B - 1.3  Time elapsed: 0 s
testG - 1.3  Time elapsed: 0.001 s
testGA - 1.3  Time elapsed: 0 s
testGB_1FI74S3 - 1.3  Time elapsed: 0.001 s
testGC_1FSHLHV_1 - 1.3  Time elapsed: 0 s
testGC_1FSHLHV_2 - 1.3  Time elapsed: 0.001 s
testGC_1FSHLHV_3 - 1.3  Time elapsed: 0 s
testGC_1FSHLHV_4 - 1.3  Time elapsed: 0 s
testH - 1.3  Time elapsed: 0.001 s
testHA_1 - 1.3  Time elapsed: 0 s
testHA_2 - 1.3  Time elapsed: 0.001 s
testHB_1FHSLDR - 1.3  Time elapsed: 0.001 s
testHC_1FMPYO3_1 - 1.3  Time elapsed: 0.001 s
testHC_1FMPYO3_2 - 1.3  Time elapsed: 0 s
testI - 1.3  Time elapsed: 0.001 s
testIA_1FGNBPR_1 - 1.3  Time elapsed: 0.001 s
testIA_1FGNBPR_2 - 1.3  Time elapsed: 0 s
testIB - 1.3  Time elapsed: 0.001 s
testIC_1FMGUPR - 1.3  Time elapsed: 0 s
testJ - 1.3  Time elapsed: 0.001 s
testJA_1FGQVW2_1 - 1.3  Time elapsed: 0 s
testJA_1FGQVW2_2 - 1.3  Time elapsed: 0.001 s
testJB - 1.3  Time elapsed: 0 s
testJC_1FLG1ZC - 1.3  Time elapsed: 0 s
testKA_1FH5SU5 - 1.3  Time elapsed: 0.001 s
testKB - 1.3  Time elapsed: 0 s
testKC_1FLG1ZC - 1.3  Time elapsed: 0.002 s
testK_1 - 1.3  Time elapsed: 0.001 s
testK_2 - 1.3  Time elapsed: 0 s
testK_3 - 1.3  Time elapsed: 0.001 s
testK_4 - 1.3  Time elapsed: 0 s
testLA_1FGLMOF - 1.3  Time elapsed: 0.001 s
testLB - 1.3  Time elapsed: 0 s
testLC_1FLG1E2 - 1.3  Time elapsed: 0.001 s
testL_1 - 1.3  Time elapsed: 0 s
testL_2 - 1.3  Time elapsed: 0 s
testL_3 - 1.3  Time elapsed: 0.001 s
testMA_1 - 1.3  Time elapsed: 0 s
testMA_2 - 1.3  Time elapsed: 0.001 s
testMA_3 - 1.3  Time elapsed: 0 s
testMB_1FHSLMQ_1 - 1.3  Time elapsed: 0 s
testMB_1FHSLMQ_2 - 1.3  Time elapsed: 0.001 s
testMC_1FJ8D9Z - 1.3  Time elapsed: 0 s
testM_1FGGLMT - 1.3  Time elapsed: 0.001 s
testN - 1.3  Time elapsed: 0 s
testNA_1 - 1.3  Time elapsed: 0.001 s
testNA_2 - 1.3  Time elapsed: 0.001 s
testNA_3 - 1.3  Time elapsed: 0 s
testNB - 1.3  Time elapsed: 0.001 s
testNC_1FJ8D9Z - 1.3  Time elapsed: 0 s
testOA_1 - 1.3  Time elapsed: 0.001 s
testOA_2 - 1.3  Time elapsed: 0.001 s
testOB_1 - 1.3  Time elapsed: 0 s
testOB_2 - 1.3  Time elapsed: 0.001 s
testOC_1FM7J7F - 1.3  Time elapsed: 0 s
testO_1FG1YU0 - 1.3  Time elapsed: 0.001 s
testPA_1 - 1.3  Time elapsed: 0 s
testPA_2 - 1.3  Time elapsed: 0.001 s
testPB - 1.3  Time elapsed: 0 s
testPC_1FSU4EF - 1.3  Time elapsed: 0.001 s
testP_1FG1YU0 - 1.3  Time elapsed: 0 s
testQA_1 - 1.3  Time elapsed: 0.001 s
testQA_2 - 1.3  Time elapsed: 0 s
testQA_3 - 1.3  Time elapsed: 0.001 s
testQA_4 - 1.3  Time elapsed: 0 s
testQB_1FIK820 - 1.3  Time elapsed: 0.001 s
testQ_1FG1YU0 - 1.3  Time elapsed: 0 s
testRA_1 - 1.3  Time elapsed: 0 s
testRA_2 - 1.3  Time elapsed: 0.001 s
testRA_3 - 1.3  Time elapsed: 0 s
testRB_1FI74S3 - 1.3  Time elapsed: 0 s
testR_1FGD31E - 1.3  Time elapsed: 0 s
testSA - 1.3  Time elapsed: 0.001 s
testSB_1FILFDG - 1.3  Time elapsed: 0 s
testS_1FGF64P_1 - 1.3  Time elapsed: 0.002 s
testS_1FGF64P_2 - 1.3  Time elapsed: 0 s
testS_1FGF64P_3 - 1.3  Time elapsed: 0.001 s
testTA_1FHISJJ_1 - 1.3  Time elapsed: 0 s
testTA_1FHISJJ_2 - 1.3  Time elapsed: 0.001 s
testTA_1FHISJJ_3 - 1.3  Time elapsed: 0 s
testTB_1FHSLMQ - 1.3  Time elapsed: 0.001 s
testT_1FGF64P - 1.3  Time elapsed: 0 s
testUA_1FHISJJ_1 - 1.3  Time elapsed: 0 s
testUA_1FHISJJ_2 - 1.3  Time elapsed: 0.001 s
testUB_1FSBZ02 - 1.3  Time elapsed: 0 s
testU_1FGGUME - 1.3  Time elapsed: 0.001 s
testVA_1FHISJJ_1 - 1.3  Time elapsed: 0 s
testVA_1FHISJJ_2 - 1.3  Time elapsed: 0.001 s
testVB_1 - 1.3  Time elapsed: 0 s
testVB_3 - 1.3  Time elapsed: 0.001 s
testV_1FGGUOO_1 - 1.3  Time elapsed: 0 s
testV_1FGGUOO_2 - 1.3  Time elapsed: 0.001 s
testWA_1 - 1.3  Time elapsed: 0 s
testWA_2 - 1.3  Time elapsed: 0 s
testWB_1FI313C - 1.3  Time elapsed: 0.001 s
testW_1FGGUS4 - 1.3  Time elapsed: 0.001 s
testXA_1FGGUQF_1FHSL8H_2 - 1.3  Time elapsed: 0 s
testXA_1FGGUQF_1FHSL8H_3 - 1.3  Time elapsed: 0 s
testXA_1FGGUQF_1FHSL8H_4 - 1.3  Time elapsed: 0 s
testXB_1FIYM5I_1 - 1.3  Time elapsed: 0.001 s
testXB_1FIYM5I_2 - 1.3  Time elapsed: 0 s
testXB_1FIYM5I_3 - 1.3  Time elapsed: 0.001 s
testXB_1FIYM5I_4 - 1.3  Time elapsed: 0 s
testX_1FGGV8C_1 - 1.3  Time elapsed: 0 s
testX_1FGGV8C_2 - 1.3  Time elapsed: 0 s
testX_1FGGV8C_3 - 1.3  Time elapsed: 0 s
testX_1FGGV8C_4 - 1.3  Time elapsed: 0 s
testX_1FGPE8E - 1.3  Time elapsed: 0 s
testYA_1FGRIUH - 1.3  Time elapsed: 0.001 s
testYB_1FJ4D46_1 - 1.3  Time elapsed: 0 s
testY_1FGPESI - 1.3  Time elapsed: 0.001 s
testZA_1 - 1.3  Time elapsed: 0 s
testZA_2 - 1.3  Time elapsed: 0 s
testZA_3 - 1.3  Time elapsed: 0.001 s
testZB_1FJ4D46_1 - 1.3  Time elapsed: 0 s
testZB_1FJ4D46_2 - 1.3  Time elapsed: 0 s
testZ_1FGPF3D_1 - 1.3  Time elapsed: 0 s
testZ_1FGPF3D_2 - 1.3  Time elapsed: 0.001 s
test0001 - 1.3  Time elapsed: 0 s
test0002_Diet - 1.3  Time elapsed: 0.001 s
test0002_Method - 1.3  Time elapsed: 0 s
test0003_Diet - 1.3  Time elapsed: 0.001 s
test0003_Method - 1.3  Time elapsed: 0 s
test0004 - 1.3  Time elapsed: 0 s
test0005_Diet - 1.3  Time elapsed: 0.001 s
test0005_Method - 1.3  Time elapsed: 0 s
test0006_Diet - 1.3  Time elapsed: 0 s
test0006_Method - 1.3  Time elapsed: 0.001 s
test0007 - 1.3  Time elapsed: 0 s
test0008_Diet - 1.3  Time elapsed: 0 s
test0008_Method - 1.3  Time elapsed: 0.001 s
test0009_Diet - 1.3  Time elapsed: 0 s
test0009_Method - 1.3  Time elapsed: 0 s
test0010 - 1.3  Time elapsed: 0.001 s
test0011_Diet - 1.3  Time elapsed: 0 s
test0011_Method - 1.3  Time elapsed: 0 s
test0012_Diet - 1.3  Time elapsed: 0.001 s
test0012_Method - 1.3  Time elapsed: 0 s
test0013 - 1.3  Time elapsed: 0 s
test0014_Diet - 1.3  Time elapsed: 0.001 s
test0014_Method - 1.3  Time elapsed: 0 s
test0015_Diet - 1.3  Time elapsed: 0 s
test0015_Method - 1.3  Time elapsed: 0.001 s
test0016 - 1.3  Time elapsed: 0 s
test0017_Diet - 1.3  Time elapsed: 0 s
test0017_Method - 1.3  Time elapsed: 0.001 s
test0018_Diet - 1.3  Time elapsed: 0 s
test0018_Method - 1.3  Time elapsed: 0 s
test0019 - 1.3  Time elapsed: 0.001 s
test0020_Diet - 1.3  Time elapsed: 0 s
test0020_Method - 1.3  Time elapsed: 0 s
test0021_Diet - 1.3  Time elapsed: 0.001 s
test0021_Method - 1.3  Time elapsed: 0 s
test0022 - 1.3  Time elapsed: 0 s
test0023_Diet - 1.3  Time elapsed: 0.001 s
test0023_Method - 1.3  Time elapsed: 0 s
test0024_Diet - 1.3  Time elapsed: 0 s
test0024_Method - 1.3  Time elapsed: 0.001 s
test0025 - 1.3  Time elapsed: 0 s
test0026_Diet - 1.3  Time elapsed: 0 s
test0026_Method - 1.3  Time elapsed: 0.001 s
test0027_Diet - 1.3  Time elapsed: 0 s
test0027_Method - 1.3  Time elapsed: 0 s
test0028 - 1.3  Time elapsed: 0.001 s
test0029_Diet - 1.3  Time elapsed: 0 s
test0029_Method - 1.3  Time elapsed: 0 s
test0030_Diet - 1.3  Time elapsed: 0.001 s
test0030_Method - 1.3  Time elapsed: 0 s
test0031_Diet - 1.3  Time elapsed: 0.001 s
test0031_Method - 1.3  Time elapsed: 0 s
test0032_Diet - 1.3  Time elapsed: 0 s
test0032_Method - 1.3  Time elapsed: 0.001 s
test0033_Diet - 1.3  Time elapsed: 0 s
test0033_Method - 1.3  Time elapsed: 0.001 s
test0034_Diet - 1.3  Time elapsed: 0 s
test0034_Method - 1.3  Time elapsed: 0 s
test0035_Diet - 1.3  Time elapsed: 0 s
test0035_Method - 1.3  Time elapsed: 0.001 s
test0036_Diet - 1.3  Time elapsed: 0 s
test0036_Method - 1.3  Time elapsed: 0.001 s
test0037 - 1.3  Time elapsed: 0 s
test0038_Diet - 1.3  Time elapsed: 0 s
test0038_Method - 1.3  Time elapsed: 0 s
test0039_Diet - 1.3  Time elapsed: 0 s
test0039_Method - 1.3  Time elapsed: 0.001 s
test0040 - 1.3  Time elapsed: 0 s
test0041_Diet - 1.3  Time elapsed: 0.001 s
test0041_Method - 1.3  Time elapsed: 0 s
test0042_Diet - 1.3  Time elapsed: 0 s
test0042_Method - 1.3  Time elapsed: 0 s
test0043 - 1.3  Time elapsed: 0.001 s
test0044_Diet - 1.3  Time elapsed: 0 s
test0044_Method - 1.3  Time elapsed: 0 s
test0045_Diet - 1.3  Time elapsed: 0 s
test0045_Method - 1.3  Time elapsed: 0 s
test0046 - 1.3  Time elapsed: 0 s
test0047_Diet - 1.3  Time elapsed: 0 s
test0047_Method - 1.3  Time elapsed: 0 s
test0048_Diet - 1.3  Time elapsed: 0 s
test0048_Method - 1.3  Time elapsed: 0.001 s
test0049 - 1.3  Time elapsed: 0 s
test0050_Diet - 1.3  Time elapsed: 0 s
test0050_Method - 1.3  Time elapsed: 0.001 s
test0051_Diet - 1.3  Time elapsed: 0 s
test0051_Method - 1.3  Time elapsed: 0.001 s
test0052 - 1.3  Time elapsed: 0 s
test0053_Diet - 1.3  Time elapsed: 0.001 s
test0053_Method - 1.3  Time elapsed: 0 s
test0054_Diet - 1.3  Time elapsed: 0.001 s
test0054_Method - 1.3  Time elapsed: 0 s
test0055 - 1.3  Time elapsed: 0.001 s
test0056_Diet - 1.3  Time elapsed: 0 s
test0056_Method - 1.3  Time elapsed: 0 s
test0057_Diet - 1.3  Time elapsed: 0 s
test0057_Method - 1.3  Time elapsed: 0.001 s
test0058 - 1.3  Time elapsed: 0 s
test0059_Diet - 1.3  Time elapsed: 0.001 s
test0059_Method - 1.3  Time elapsed: 0 s
test0060_Diet - 1.3  Time elapsed: 0 s
test0060_Method - 1.3  Time elapsed: 0 s
test0061 - 1.3  Time elapsed: 0 s
test0062_Diet - 1.3  Time elapsed: 0 s
test0062_Method - 1.3  Time elapsed: 0 s
test0063_Diet - 1.3  Time elapsed: 0 s
test0063_Method - 1.3  Time elapsed: 0 s
test0064 - 1.3  Time elapsed: 0 s
test0065_Diet - 1.3  Time elapsed: 0 s
test0065_Method - 1.3  Time elapsed: 0 s
test0066_Diet - 1.3  Time elapsed: 0 s
test0066_Method - 1.3  Time elapsed: 0.001 s
test0067_Diet - 1.3  Time elapsed: 0 s
test0067_Method - 1.3  Time elapsed: 0 s
test0068_Diet - 1.3  Time elapsed: 0.001 s
test0068_Method - 1.3  Time elapsed: 0 s
test0069_Diet - 1.3  Time elapsed: 0 s
test0069_Method - 1.3  Time elapsed: 0 s
test0070_Diet - 1.3  Time elapsed: 0 s
test0070_Method - 1.3  Time elapsed: 0.001 s
test0071_Diet - 1.3  Time elapsed: 0 s
test0071_Method - 1.3  Time elapsed: 0.001 s
test0072_Diet - 1.3  Time elapsed: 0 s
test0072_Method - 1.3  Time elapsed: 0.001 s
test0073 - 1.3  Time elapsed: 0 s
test0074_Diet - 1.3  Time elapsed: 0 s
test0074_Method - 1.3  Time elapsed: 0.001 s
test0075_Diet - 1.3  Time elapsed: 0 s
test0075_Method - 1.3  Time elapsed: 0 s
test0076 - 1.3  Time elapsed: 0 s
test0077_Diet - 1.3  Time elapsed: 0 s
test0077_Method - 1.3  Time elapsed: 0 s
test0078_Diet - 1.3  Time elapsed: 0.001 s
test0078_Method - 1.3  Time elapsed: 0 s
test0079_Diet - 1.3  Time elapsed: 0 s
test0079_Method - 1.3  Time elapsed: 0.001 s
test0080_Diet - 1.3  Time elapsed: 0 s
test0080_Method - 1.3  Time elapsed: 0.001 s
test0081_Diet - 1.3  Time elapsed: 0 s
test0081_Method - 1.3  Time elapsed: 0 s
test0082_Diet - 1.3  Time elapsed: 0 s
test0082_Method - 1.3  Time elapsed: 0 s
test0083_Diet - 1.3  Time elapsed: 0.001 s
test0083_Method - 1.3  Time elapsed: 0 s
test0084_Diet - 1.3  Time elapsed: 0 s
test0084_Method - 1.3  Time elapsed: 0 s
test0085_Diet - 1.3  Time elapsed: 0 s
test0085_Method - 1.3  Time elapsed: 0.001 s
test0086_Diet - 1.3  Time elapsed: 0 s
test0086_Method - 1.3  Time elapsed: 0 s
test0087_Diet - 1.3  Time elapsed: 0.001 s
test0087_Method - 1.3  Time elapsed: 0 s
test0088_Diet - 1.3  Time elapsed: 0.001 s
test0088_Method - 1.3  Time elapsed: 0 s
test0089_Diet - 1.3  Time elapsed: 0 s
test0089_Method - 1.3  Time elapsed: 0.001 s
test0090_Diet - 1.3  Time elapsed: 0 s
test0090_Method - 1.3  Time elapsed: 0.001 s
test0091 - 1.3  Time elapsed: 0 s
test0092_Diet - 1.3  Time elapsed: 0 s
test0092_Method - 1.3  Time elapsed: 0.001 s
test0093_Diet - 1.3  Time elapsed: 0 s
test0093_Method - 1.3  Time elapsed: 0 s
test0094 - 1.3  Time elapsed: 0 s
test0095_Diet - 1.3  Time elapsed: 0 s
test0095_Method - 1.3  Time elapsed: 0.001 s
test0096_Diet - 1.3  Time elapsed: 0 s
test0096_Method - 1.3  Time elapsed: 0 s
test0097_Diet - 1.3  Time elapsed: 0 s
test0097_Method - 1.3  Time elapsed: 0.001 s
test0098_Diet - 1.3  Time elapsed: 0 s
test0098_Method - 1.3  Time elapsed: 0 s
test0099_Diet - 1.3  Time elapsed: 0.001 s
test0099_Method - 1.3  Time elapsed: 0 s
test0100_Diet - 1.3  Time elapsed: 0 s
test0100_Method - 1.3  Time elapsed: 0 s
test0101_Diet - 1.3  Time elapsed: 0 s
test0101_Method - 1.3  Time elapsed: 0 s
test0102_Diet - 1.3  Time elapsed: 0 s
test0102_Method - 1.3  Time elapsed: 0 s
test0103_Diet - 1.3  Time elapsed: 0 s
test0103_Method - 1.3  Time elapsed: 0.001 s
test0104_Diet - 1.3  Time elapsed: 0 s
test0104_Method - 1.3  Time elapsed: 0 s
test0105_Diet - 1.3  Time elapsed: 0.001 s
test0105_Method - 1.3  Time elapsed: 0 s
test0106_Diet - 1.3  Time elapsed: 0 s
test0106_Method - 1.3  Time elapsed: 0.001 s
test0107_Diet - 1.3  Time elapsed: 0 s
test0107_Method - 1.3  Time elapsed: 0 s
test0108_Diet - 1.3  Time elapsed: 0 s
test0108_Method - 1.3  Time elapsed: 0 s
test0109_Diet - 1.3  Time elapsed: 0 s
test0109_Method - 1.3  Time elapsed: 0.001 s
test0110_Diet - 1.3  Time elapsed: 0 s
test0110_Method - 1.3  Time elapsed: 0 s
test0111_Diet - 1.3  Time elapsed: 0.001 s
test0111_Method - 1.3  Time elapsed: 0 s
test0112_Diet - 1.3  Time elapsed: 0 s
test0112_Method - 1.3  Time elapsed: 0 s
test0113_Diet - 1.3  Time elapsed: 0 s
test0113_Method - 1.3  Time elapsed: 0.001 s
test0114_Diet - 1.3  Time elapsed: 0 s
test0114_Method - 1.3  Time elapsed: 0 s
test0115_Diet - 1.3  Time elapsed: 0 s
test0115_Method - 1.3  Time elapsed: 0 s
test0116_Diet - 1.3  Time elapsed: 0 s
test0116_Method - 1.3  Time elapsed: 0.001 s
test0117_Diet - 1.3  Time elapsed: 0 s
test0117_Method - 1.3  Time elapsed: 0 s
test0118_Diet - 1.3  Time elapsed: 0 s
test0118_Method - 1.3  Time elapsed: 0 s
test0119_Diet - 1.3  Time elapsed: 0 s
test0119_Method - 1.3  Time elapsed: 0 s
test0120_Diet - 1.3  Time elapsed: 0 s
test0120_Method - 1.3  Time elapsed: 0 s
test0121_Diet - 1.3  Time elapsed: 0 s
test0121_Method - 1.3  Time elapsed: 0 s
test0122_Diet - 1.3  Time elapsed: 0.001 s
test0122_Method - 1.3  Time elapsed: 0 s
test0123_Diet - 1.3  Time elapsed: 0 s
test0123_Method - 1.3  Time elapsed: 0.001 s
test0124_Diet - 1.3  Time elapsed: 0 s
test0124_Method - 1.3  Time elapsed: 0 s
test0125_Diet - 1.3  Time elapsed: 0.001 s
test0125_Method - 1.3  Time elapsed: 0 s
test0126_Diet - 1.3  Time elapsed: 0 s
test0126_Method - 1.3  Time elapsed: 0 s
test0127 - 1.3  Time elapsed: 0 s
test0128_Diet - 1.3  Time elapsed: 0 s
test0128_Method - 1.3  Time elapsed: 0.001 s
test0129_Diet - 1.3  Time elapsed: 0 s
test0129_Method - 1.3  Time elapsed: 0 s
test0130_Diet - 1.3  Time elapsed: 0.001 s
test0130_Method - 1.3  Time elapsed: 0 s
test0131_Diet - 1.3  Time elapsed: 0 s
test0131_Method - 1.3  Time elapsed: 0 s
test0132_Diet - 1.3  Time elapsed: 0 s
test0132_Method - 1.3  Time elapsed: 0.001 s
test0133_Diet - 1.3  Time elapsed: 0 s
test0133_Method - 1.3  Time elapsed: 0.001 s
test0134 - 1.3  Time elapsed: 0.001 s
test0135_Diet - 1.3  Time elapsed: 0 s
test0135_Method - 1.3  Time elapsed: 0.001 s
test0136 - 1.3  Time elapsed: 0 s
test0137_Diet - 1.3  Time elapsed: 0 s
test0137_Method - 1.3  Time elapsed: 0.001 s
test0138_Diet - 1.3  Time elapsed: 0 s
test0138_Method - 1.3  Time elapsed: 0.001 s
test0139 - 1.3  Time elapsed: 0 s
test0140 - 1.3  Time elapsed: 0.001 s
test0141 - 1.3  Time elapsed: 0.001 s
test0142_Diet - 1.3  Time elapsed: 0 s
test0142_Method - 1.3  Time elapsed: 0.001 s
test0143_Diet - 1.3  Time elapsed: 0 s
test0143_Method - 1.3  Time elapsed: 0 s
test0144_Diet - 1.3  Time elapsed: 0.001 s
test0144_Method - 1.3  Time elapsed: 0 s
test0145_Diet - 1.3  Time elapsed: 0 s
test0145_Method - 1.3  Time elapsed: 0 s
test0146_Diet - 1.3  Time elapsed: 0 s
test0146_Method - 1.3  Time elapsed: 0 s
test0147 - 1.3  Time elapsed: 0.001 s
test0148 - 1.3  Time elapsed: 0.001 s
test0149_Diet - 1.3  Time elapsed: 0 s
test0149_Method - 1.3  Time elapsed: 0.001 s
test0150_Diet - 1.3  Time elapsed: 0 s
test0150_Method - 1.3  Time elapsed: 0.001 s
test0151_Diet - 1.3  Time elapsed: 0 s
test0151_Method - 1.3  Time elapsed: 0.001 s
test0152 - 1.3  Time elapsed: 0 s
test0153_Diet - 1.3  Time elapsed: 0 s
test0153_Method - 1.3  Time elapsed: 0.001 s
test0154_Diet - 1.3  Time elapsed: 0 s
test0154_Method - 1.3  Time elapsed: 0 s
test0155_Diet - 1.3  Time elapsed: 0.001 s
test0155_Method - 1.3  Time elapsed: 0 s
test0156_Diet - 1.3  Time elapsed: 0 s
test0156_Method - 1.3  Time elapsed: 0 s
test0157_Diet - 1.3  Time elapsed: 0 s
test0157_Method - 1.3  Time elapsed: 0.001 s
test0158_Diet - 1.3  Time elapsed: 0 s
test0158_Method - 1.3  Time elapsed: 0.001 s
test0159 - 1.3  Time elapsed: 0 s
test0160 - 1.3  Time elapsed: 0 s
test0161 - 1.3  Time elapsed: 0.001 s
test0162 - 1.3  Time elapsed: 0 s
test0163 - 1.3  Time elapsed: 0 s
test0164 - 1.3  Time elapsed: 0 s
test0165_Diet - 1.3  Time elapsed: 0 s
test0165_Method - 1.3  Time elapsed: 0.001 s
test0166_Diet - 1.3  Time elapsed: 0 s
test0166_Method - 1.3  Time elapsed: 0 s
test0167_Diet - 1.3  Time elapsed: 0.001 s
test0167_Method - 1.3  Time elapsed: 0 s
test0168_Diet - 1.3  Time elapsed: 0 s
test0168_Method - 1.3  Time elapsed: 0.001 s
test0169_Diet - 1.3  Time elapsed: 0 s
test0169_Method - 1.3  Time elapsed: 0 s
test0170_Diet - 1.3  Time elapsed: 0.001 s
test0170_Method - 1.3  Time elapsed: 0 s
test0171_Diet - 1.3  Time elapsed: 0 s
test0171_Method - 1.3  Time elapsed: 0.001 s
test0172 - 1.3  Time elapsed: 0 s
test0173_Diet - 1.3  Time elapsed: 0.001 s
test0173_Method - 1.3  Time elapsed: 0 s
test0174_Diet - 1.3  Time elapsed: 0.001 s
test0175_Diet - 1.3  Time elapsed: 0 s
test0176_Diet - 1.3  Time elapsed: 0 s
test0177_Diet - 1.3  Time elapsed: 0.001 s
test0178_Method - 1.3  Time elapsed: 0 s
test0001 - 1.3  Time elapsed: 0 s
test0002 - 1.3  Time elapsed: 0 s
test0003 - 1.3  Time elapsed: 0.001 s
test0004 - 1.3  Time elapsed: 0.004 s
test0005 - 1.3  Time elapsed: 0 s
test0006 - 1.3  Time elapsed: 0 s
test0007 - 1.3  Time elapsed: 0.001 s
test0008 - 1.3  Time elapsed: 0 s
test0009 - 1.3  Time elapsed: 0 s
test0010 - 1.3  Time elapsed: 0.001 s
test0011 - 1.3  Time elapsed: 0 s
test0012 - 1.3  Time elapsed: 0 s
test0013 - 1.3  Time elapsed: 0 s
test0014 - 1.3  Time elapsed: 0 s
test0015 - 1.3  Time elapsed: 0 s
test0016 - 1.3  Time elapsed: 0 s
test0017 - 1.3  Time elapsed: 0 s
test0018 - 1.3  Time elapsed: 0 s
test0019 - 1.3  Time elapsed: 0 s
test0020 - 1.3  Time elapsed: 0 s
test0021_Diet - 1.3  Time elapsed: 0 s
test0021_Method - 1.3  Time elapsed: 0 s
test0022_Diet - 1.3  Time elapsed: 0 s
test0022_Method - 1.3  Time elapsed: 0 s
test0023_Diet - 1.3  Time elapsed: 0 s
test0023_Method - 1.3  Time elapsed: 0 s
test0024_Diet - 1.3  Time elapsed: 0 s
test0024_Method - 1.3  Time elapsed: 0 s
test0025_Diet - 1.3  Time elapsed: 0 s
test0025_Method - 1.3  Time elapsed: 0 s
test0026_Diet - 1.3  Time elapsed: 0 s
test0026_Method - 1.3  Time elapsed: 0 s
test0027_Diet - 1.3  Time elapsed: 0 s
test0027_Method - 1.3  Time elapsed: 0 s
test0028_Diet - 1.3  Time elapsed: 0 s
test0028_Method - 1.3  Time elapsed: 0.001 s
test0029 - 1.3  Time elapsed: 0 s
test0030 - 1.3  Time elapsed: 0 s
test0031 - 1.3  Time elapsed: 0 s
test0032 - 1.3  Time elapsed: 0 s
test0033 - 1.3  Time elapsed: 0 s
test0034 - 1.3  Time elapsed: 0 s
test0035 - 1.3  Time elapsed: 0.001 s
test0036 - 1.3  Time elapsed: 0 s
test0037_Diet - 1.3  Time elapsed: 0 s
test0037_Method - 1.3  Time elapsed: 0.001 s
test0038_Diet - 1.3  Time elapsed: 0 s
test0038_Method - 1.3  Time elapsed: 0 s
test0039_Diet - 1.3  Time elapsed: 0.001 s
test0039_Method - 1.3  Time elapsed: 0 s
test0040_Diet - 1.3  Time elapsed: 0 s
test0040_Method - 1.3  Time elapsed: 0 s
test0041_Diet - 1.3  Time elapsed: 0.001 s
test0041_Method - 1.3  Time elapsed: 0 s
test0042_Diet - 1.3  Time elapsed: 0 s
test0042_Method - 1.3  Time elapsed: 0.001 s
test0043_Diet - 1.3  Time elapsed: 0 s
test0043_Method - 1.3  Time elapsed: 0 s
test0044_Diet - 1.3  Time elapsed: 0.001 s
test0044_Method - 1.3  Time elapsed: 0 s
test0045_Diet - 1.3  Time elapsed: 0 s
test0045_Method - 1.3  Time elapsed: 0.001 s
test0046_Diet - 1.3  Time elapsed: 0 s
test0046_Method - 1.3  Time elapsed: 0 s
test0047 - 1.3  Time elapsed: 0.001 s
test0048 - 1.3  Time elapsed: 0 s
test0049 - 1.3  Time elapsed: 0 s
test0050 - 1.3  Time elapsed: 0 s
test0051 - 1.3  Time elapsed: 0 s
test0052 - 1.3  Time elapsed: 0 s
test0053 - 1.3  Time elapsed: 0 s
test0054 - 1.3  Time elapsed: 0 s
test0055_Diet - 1.3  Time elapsed: 0 s
test0055_Method - 1.3  Time elapsed: 0 s
test0056_Diet - 1.3  Time elapsed: 0.001 s
test0056_Method - 1.3  Time elapsed: 0 s
test0057_Diet - 1.3  Time elapsed: 0 s
test0057_Method - 1.3  Time elapsed: 0.001 s
test0058_Diet - 1.3  Time elapsed: 0 s
test0058_Method - 1.3  Time elapsed: 0 s
test0059_Diet - 1.3  Time elapsed: 0 s
test0059_Method - 1.3  Time elapsed: 0 s
test0060 - 1.3  Time elapsed: 0 s
test0061 - 1.3  Time elapsed: 0 s
test0062 - 1.3  Time elapsed: 0.001 s
test0063 - 1.3  Time elapsed: 0 s
test0064 - 1.3  Time elapsed: 0 s
test0065 - 1.3  Time elapsed: 0.001 s
test0066 - 1.3  Time elapsed: 0 s
test0067 - 1.3  Time elapsed: 0 s
test0068 - 1.3  Time elapsed: 0 s
test0069 - 1.3  Time elapsed: 0.001 s
test0070 - 1.3  Time elapsed: 0 s
test0071 - 1.3  Time elapsed: 0 s
test0072 - 1.3  Time elapsed: 0.001 s
test0073 - 1.3  Time elapsed: 0 s
test0074 - 1.3  Time elapsed: 0 s
test0075 - 1.3  Time elapsed: 0 s
test0076 - 1.3  Time elapsed: 0.001 s
test0077 - 1.3  Time elapsed: 0 s
test0078 - 1.3  Time elapsed: 0 s
test0079 - 1.3  Time elapsed: 0.001 s
test0080_Diet - 1.3  Time elapsed: 0 s
test0080_Method - 1.3  Time elapsed: 0 s
test0081_Diet - 1.3  Time elapsed: 0.001 s
test0081_Method - 1.3  Time elapsed: 0 s
test0082_Diet - 1.3  Time elapsed: 0 s
test0082_Method - 1.3  Time elapsed: 0 s
test0083 - 1.3  Time elapsed: 0 s
test0084 - 1.3  Time elapsed: 0 s
test0085 - 1.3  Time elapsed: 0 s
test0086 - 1.3  Time elapsed: 0.001 s
test0087 - 1.3  Time elapsed: 0 s
test0088 - 1.3  Time elapsed: 0 s
test0089 - 1.3  Time elapsed: 0.001 s
test0090_Diet - 1.3  Time elapsed: 0 s
test0090_Method - 1.3  Time elapsed: 0 s
test0091_Diet - 1.3  Time elapsed: 0.001 s
test0091_Method - 1.3  Time elapsed: 0 s
test0092_Diet - 1.3  Time elapsed: 0 s
test0092_Method - 1.3  Time elapsed: 0 s
test0093_Diet - 1.3  Time elapsed: 0 s
test0093_Method - 1.3  Time elapsed: 0 s
test0094_Diet - 1.3  Time elapsed: 0 s
test0094_Method - 1.3  Time elapsed: 0.001 s
test0095_Diet - 1.3  Time elapsed: 0 s
test0095_Method - 1.3  Time elapsed: 0 s
test0096_Diet - 1.3  Time elapsed: 0.001 s
test0096_Method - 1.3  Time elapsed: 0 s
test0097_Diet - 1.3  Time elapsed: 0 s
test0097_Method - 1.3  Time elapsed: 0.001 s
test0098_Diet - 1.3  Time elapsed: 0 s
test0098_Method - 1.3  Time elapsed: 0 s
test0099_Diet - 1.3  Time elapsed: 0.001 s
test0099_Method - 1.3  Time elapsed: 0 s
test0100_Diet - 1.3  Time elapsed: 0 s
test0100_Method - 1.3  Time elapsed: 0 s
test0101 - 1.3  Time elapsed: 0 s
test0102 - 1.3  Time elapsed: 0 s
test0103 - 1.3  Time elapsed: 0.001 s
test0104 - 1.3  Time elapsed: 0 s
test0105 - 1.3  Time elapsed: 0 s
test0106 - 1.3  Time elapsed: 0.001 s
test0107_Diet - 1.3  Time elapsed: 0 s
test0107_Method - 1.3  Time elapsed: 0 s
test0108_Diet - 1.3  Time elapsed: 0 s
test0108_Method - 1.3  Time elapsed: 0 s
test0109_Diet - 1.3  Time elapsed: 0 s
test0109_Method - 1.3  Time elapsed: 0.001 s
test0110_Diet - 1.3  Time elapsed: 0 s
test0110_Method - 1.3  Time elapsed: 0.001 s
test0111 - 1.3  Time elapsed: 0.001 s
test0112 - 1.3  Time elapsed: 0 s
test0113 - 1.3  Time elapsed: 0 s
test0114 - 1.3  Time elapsed: 0.001 s
test0115 - 1.3  Time elapsed: 0 s
test0116 - 1.3  Time elapsed: 0 s
test0117 - 1.3  Time elapsed: 0.001 s
test0118 - 1.3  Time elapsed: 0 s
test0119 - 1.3  Time elapsed: 0 s
test0120 - 1.3  Time elapsed: 0.001 s
test0121 - 1.3  Time elapsed: 0 s
test0122 - 1.3  Time elapsed: 0 s
test0123 - 1.3  Time elapsed: 0.001 s
test0124 - 1.3  Time elapsed: 0 s
test0125 - 1.3  Time elapsed: 0 s
test0126 - 1.3  Time elapsed: 0 s
test0127 - 1.3  Time elapsed: 0 s
test0128 - 1.3  Time elapsed: 0 s
test0129 - 1.3  Time elapsed: 0 s
test0130 - 1.3  Time elapsed: 0 s
test0131 - 1.3  Time elapsed: 0 s
test0132 - 1.3  Time elapsed: 0 s
test0133 - 1.3  Time elapsed: 0.001 s
test0134 - 1.3  Time elapsed: 0 s
test0135 - 1.3  Time elapsed: 0 s
test0136 - 1.3  Time elapsed: 0.001 s
test0137 - 1.3  Time elapsed: 0 s
test0138 - 1.3  Time elapsed: 0 s
test0139 - 1.3  Time elapsed: 0.001 s
test0140 - 1.3  Time elapsed: 0 s
test0141 - 1.3  Time elapsed: 0 s
test0142 - 1.3  Time elapsed: 0.001 s
test0143 - 1.3  Time elapsed: 0 s
test0144 - 1.3  Time elapsed: 0 s
test0145 - 1.3  Time elapsed: 0.001 s
test0146 - 1.3  Time elapsed: 0 s
test0147_Diet - 1.3  Time elapsed: 0 s
test0147_Method - 1.3  Time elapsed: 0 s
test0148_Diet - 1.3  Time elapsed: 0 s
test0148_Method - 1.3  Time elapsed: 0 s
test0149 - 1.3  Time elapsed: 0.001 s
test0150 - 1.3  Time elapsed: 0 s
test0151 - 1.3  Time elapsed: 0 s
test0152 - 1.3  Time elapsed: 0.001 s
test0153 - 1.3  Time elapsed: 0 s
test0154 - 1.3  Time elapsed: 0 s
test0155 - 1.3  Time elapsed: 0 s
test0156 - 1.3  Time elapsed: 0.001 s
test0157 - 1.3  Time elapsed: 0 s
test0158 - 1.3  Time elapsed: 0 s
test0159 - 1.3  Time elapsed: 0.001 s
test0160 - 1.3  Time elapsed: 0 s
test0161 - 1.3  Time elapsed: 0 s
test0162 - 1.3  Time elapsed: 0 s
test0163 - 1.3  Time elapsed: 0 s
test0164 - 1.3  Time elapsed: 0.001 s
test0165 - 1.3  Time elapsed: 0 s
test0166 - 1.3  Time elapsed: 0 s
test0167 - 1.3  Time elapsed: 0.001 s
test0168 - 1.3  Time elapsed: 0 s
test0169 - 1.3  Time elapsed: 0 s
test0170 - 1.3  Time elapsed: 0 s
test0171 - 1.3  Time elapsed: 0 s
test0172 - 1.3  Time elapsed: 0 s
test0173 - 1.3  Time elapsed: 0 s
test0174 - 1.3  Time elapsed: 0 s
test0175 - 1.3  Time elapsed: 0 s
test0176 - 1.3  Time elapsed: 0.001 s
test0177 - 1.3  Time elapsed: 0 s
test0178 - 1.3  Time elapsed: 0 s
test0179 - 1.3  Time elapsed: 0.001 s
test0180 - 1.3  Time elapsed: 0 s
test0181_Diet - 1.3  Time elapsed: 0 s
test0181_Method - 1.3  Time elapsed: 0.001 s
test0182_Diet - 1.3  Time elapsed: 0 s
test0182_Method - 1.3  Time elapsed: 0 s
test0183_Diet - 1.3  Time elapsed: 0.001 s
test0183_Method - 1.3  Time elapsed: 0 s
test0184_Diet - 1.3  Time elapsed: 0 s
test0184_Method - 1.3  Time elapsed: 0 s
test0185_Diet - 1.3  Time elapsed: 0 s
test0185_Method - 1.3  Time elapsed: 0 s
test0186_Diet - 1.3  Time elapsed: 0 s
test0186_Method - 1.3  Time elapsed: 0.001 s
test0187_Diet - 1.3  Time elapsed: 0 s
test0187_Method - 1.3  Time elapsed: 0 s
test0188_Diet - 1.3  Time elapsed: 0.001 s
test0188_Method - 1.3  Time elapsed: 0 s
test0189_Diet - 1.3  Time elapsed: 0 s
test0189_Method - 1.3  Time elapsed: 0 s
test0190_Diet - 1.3  Time elapsed: 0 s
test0190_Method - 1.3  Time elapsed: 0 s
test0191_Diet - 1.3  Time elapsed: 0 s
test0191_Method - 1.3  Time elapsed: 0.001 s
test0192_Diet - 1.3  Time elapsed: 0 s
test0192_Method - 1.3  Time elapsed: 0 s
test0193_Diet - 1.3  Time elapsed: 0.001 s
test0193_Method - 1.3  Time elapsed: 0 s
test0194 - 1.3  Time elapsed: 0 s
test0195 - 1.3  Time elapsed: 0.001 s
test0196 - 1.3  Time elapsed: 0 s
test0197 - 1.3  Time elapsed: 0 s
test0198 - 1.3  Time elapsed: 0 s
test0199 - 1.3  Time elapsed: 0 s
test0200 - 1.3  Time elapsed: 0 s
test0201 - 1.3  Time elapsed: 0 s
test0202 - 1.3  Time elapsed: 0.001 s
test0203 - 1.3  Time elapsed: 0 s
test0204 - 1.3  Time elapsed: 0 s
test0205 - 1.3  Time elapsed: 0 s
test0206 - 1.3  Time elapsed: 0 s
test0207 - 1.3  Time elapsed: 0 s
test0208 - 1.3  Time elapsed: 0.001 s
test0209 - 1.3  Time elapsed: 0 s
test0210 - 1.3  Time elapsed: 0.001 s
test0211 - 1.3  Time elapsed: 0 s
test0212 - 1.3  Time elapsed: 0 s
test0213 - 1.3  Time elapsed: 0.001 s
test0214_Diet - 1.3  Time elapsed: 0 s
test0214_Method - 1.3  Time elapsed: 0 s
test0216_Diet - 1.3  Time elapsed: 0.001 s
test0216_Method - 1.3  Time elapsed: 0 s
test0217_Diet - 1.3  Time elapsed: 0 s
test0217_Method - 1.3  Time elapsed: 0.001 s
test0218_Diet - 1.3  Time elapsed: 0 s
test0218_Method - 1.3  Time elapsed: 0.001 s
test0219_Diet - 1.3  Time elapsed: 0 s
test0219_Method - 1.3  Time elapsed: 0 s
test0220_Diet - 1.3  Time elapsed: 0.001 s
test0220_Method - 1.3  Time elapsed: 0 s
test0221_Diet - 1.3  Time elapsed: 0 s
test0221_Method - 1.3  Time elapsed: 0.001 s
test0222_Diet - 1.3  Time elapsed: 0 s
test0222_Method - 1.3  Time elapsed: 0 s
test0223 - 1.3  Time elapsed: 0.001 s
test0224 - 1.3  Time elapsed: 0 s
test0225 - 1.3  Time elapsed: 0 s
test0226 - 1.3  Time elapsed: 0 s
test0227 - 1.3  Time elapsed: 0.001 s
test0228 - 1.3  Time elapsed: 0 s
test0229 - 1.3  Time elapsed: 0 s
test0230 - 1.3  Time elapsed: 0 s
test0231_Diet - 1.3  Time elapsed: 0 s
test0231_Method - 1.3  Time elapsed: 0 s
test0232_Diet - 1.3  Time elapsed: 0.001 s
test0232_Method - 1.3  Time elapsed: 0 s
test0233_Diet - 1.3  Time elapsed: 0 s
test0233_Method - 1.3  Time elapsed: 0.001 s
test0234_Diet - 1.3  Time elapsed: 0 s
test0234_Method - 1.3  Time elapsed: 0 s
test0235_Diet - 1.3  Time elapsed: 0 s
test0235_Method - 1.3  Time elapsed: 0 s
test0236_Diet - 1.3  Time elapsed: 0 s
test0236_Method - 1.3  Time elapsed: 0 s
test0237_Diet - 1.3  Time elapsed: 0.001 s
test0237_Method - 1.3  Time elapsed: 0 s
test0238_Diet - 1.3  Time elapsed: 0 s
test0238_Method - 1.3  Time elapsed: 0.001 s
test0239_Diet - 1.3  Time elapsed: 0 s
test0239_Method - 1.3  Time elapsed: 0 s
test0240_Diet - 1.3  Time elapsed: 0.001 s
test0240_Method - 1.3  Time elapsed: 0 s
test0241 - 1.3  Time elapsed: 0 s
test0242 - 1.3  Time elapsed: 0 s
test0243 - 1.3  Time elapsed: 0 s
test0244 - 1.3  Time elapsed: 0 s
test0245 - 1.3  Time elapsed: 0 s
test0246 - 1.3  Time elapsed: 0 s
test0247 - 1.3  Time elapsed: 0 s
test0248 - 1.3  Time elapsed: 0.001 s
test0249_Diet - 1.3  Time elapsed: 0 s
test0249_Method - 1.3  Time elapsed: 0 s
test0250_Diet - 1.3  Time elapsed: 0.001 s
test0250_Method - 1.3  Time elapsed: 0 s
test0251_Diet - 1.3  Time elapsed: 0 s
test0251_Method - 1.3  Time elapsed: 0.001 s
test0252_Diet - 1.3  Time elapsed: 0 s
test0252_Method - 1.3  Time elapsed: 0 s
test0253_Diet - 1.3  Time elapsed: 0 s
test0253_Method - 1.3  Time elapsed: 0.001 s
test0254 - 1.3  Time elapsed: 0 s
test0255 - 1.3  Time elapsed: 0 s
test0256 - 1.3  Time elapsed: 0 s
test0257 - 1.3  Time elapsed: 0 s
test0258 - 1.3  Time elapsed: 0 s
test0259 - 1.3  Time elapsed: 0 s
test0260 - 1.3  Time elapsed: 0.001 s
test0261 - 1.3  Time elapsed: 0 s
test0262 - 1.3  Time elapsed: 0 s
test0263 - 1.3  Time elapsed: 0 s
test0264 - 1.3  Time elapsed: 0 s
test0265 - 1.3  Time elapsed: 0 s
test0266 - 1.3  Time elapsed: 0 s
test0267 - 1.3  Time elapsed: 0.001 s
test0268 - 1.3  Time elapsed: 0 s
test0269 - 1.3  Time elapsed: 0 s
test0270 - 1.3  Time elapsed: 0.001 s
test0271 - 1.3  Time elapsed: 0 s
test0272 - 1.3  Time elapsed: 0 s
test0273 - 1.3  Time elapsed: 0 s
test0274_Diet - 1.3  Time elapsed: 0 s
test0274_Method - 1.3  Time elapsed: 0 s
test0275_Diet - 1.3  Time elapsed: 0 s
test0275_Method - 1.3  Time elapsed: 0.001 s
test0276_Diet - 1.3  Time elapsed: 0 s
test0276_Method - 1.3  Time elapsed: 0 s
test0277 - 1.3  Time elapsed: 0.001 s
test0278 - 1.3  Time elapsed: 0 s
test0279 - 1.3  Time elapsed: 0 s
test0280 - 1.3  Time elapsed: 0 s
test0281 - 1.3  Time elapsed: 0.001 s
test0282 - 1.3  Time elapsed: 0 s
test0283 - 1.3  Time elapsed: 0 s
test0284_Diet - 1.3  Time elapsed: 0 s
test0284_Method - 1.3  Time elapsed: 0 s
test0285_Diet - 1.3  Time elapsed: 0 s
test0285_Method - 1.3  Time elapsed: 0 s
test0286_Diet - 1.3  Time elapsed: 0.001 s
test0286_Method - 1.3  Time elapsed: 0 s
test0287_Diet - 1.3  Time elapsed: 0 s
test0287_Method - 1.3  Time elapsed: 0 s
test0288_Diet - 1.3  Time elapsed: 0 s
test0288_Method - 1.3  Time elapsed: 0 s
test0289_Diet - 1.3  Time elapsed: 0 s
test0289_Method - 1.3  Time elapsed: 0.001 s
test0290_Diet - 1.3  Time elapsed: 0 s
test0290_Method - 1.3  Time elapsed: 0 s
test0291_Diet - 1.3  Time elapsed: 0 s
test0291_Method - 1.3  Time elapsed: 0 s
test0292_Diet - 1.3  Time elapsed: 0 s
test0292_Method - 1.3  Time elapsed: 0 s
test0293_Diet - 1.3  Time elapsed: 0.001 s
test0293_Method - 1.3  Time elapsed: 0 s
test0294_Diet - 1.3  Time elapsed: 0 s
test0294_Method - 1.3  Time elapsed: 0.001 s
test0295 - 1.3  Time elapsed: 0 s
test0296 - 1.3  Time elapsed: 0 s
test0297 - 1.3  Time elapsed: 0.001 s
test0298 - 1.3  Time elapsed: 0 s
test0299 - 1.3  Time elapsed: 0 s
test0300 - 1.3  Time elapsed: 0 s
test0301_Diet - 1.3  Time elapsed: 0 s
test0301_Method - 1.3  Time elapsed: 0 s
test0302_Diet - 1.3  Time elapsed: 0 s
test0302_Method - 1.3  Time elapsed: 0 s
test0303_Diet - 1.3  Time elapsed: 0 s
test0303_Method - 1.3  Time elapsed: 0.001 s
test0304_Diet - 1.3  Time elapsed: 0 s
test0304_Method - 1.3  Time elapsed: 0 s
test0305 - 1.3  Time elapsed: 0 s
test0306 - 1.3  Time elapsed: 0 s
test0307 - 1.3  Time elapsed: 0 s
test0308 - 1.3  Time elapsed: 0 s
test0309 - 1.3  Time elapsed: 0 s
test0310 - 1.3  Time elapsed: 0 s
test0311 - 1.3  Time elapsed: 0 s
test0312 - 1.3  Time elapsed: 0 s
test0313 - 1.3  Time elapsed: 0.001 s
test0314 - 1.3  Time elapsed: 0 s
test0315 - 1.3  Time elapsed: 0 s
test0316 - 1.3  Time elapsed: 0.001 s
test0317 - 1.3  Time elapsed: 0 s
test0318 - 1.3  Time elapsed: 0 s
test0319 - 1.3  Time elapsed: 0.001 s
test0320 - 1.3  Time elapsed: 0 s
test0321 - 1.3  Time elapsed: 0 s
test0322 - 1.3  Time elapsed: 0 s
test0323 - 1.3  Time elapsed: 0 s
test0324 - 1.3  Time elapsed: 0 s
test0325 - 1.3  Time elapsed: 0 s
test0326 - 1.3  Time elapsed: 0.001 s
test0327 - 1.3  Time elapsed: 0 s
test0328 - 1.3  Time elapsed: 0 s
test0329 - 1.3  Time elapsed: 0.001 s
test0330 - 1.3  Time elapsed: 0 s
test0331 - 1.3  Time elapsed: 0 s
test0332 - 1.3  Time elapsed: 0 s
test0333 - 1.3  Time elapsed: 0 s
test0334 - 1.3  Time elapsed: 0 s
test0335 - 1.3  Time elapsed: 0 s
test0336 - 1.3  Time elapsed: 0 s
test0337 - 1.3  Time elapsed: 0 s
test0338 - 1.3  Time elapsed: 0.001 s
test0339 - 1.3  Time elapsed: 0 s
test0340 - 1.3  Time elapsed: 0 s
test0341_Diet - 1.3  Time elapsed: 0.001 s
test0341_Method - 1.3  Time elapsed: 0 s
test0342_Diet - 1.3  Time elapsed: 0 s
test0342_Method - 1.3  Time elapsed: 0.001 s
test0343 - 1.3  Time elapsed: 0 s
test0344 - 1.3  Time elapsed: 0 s
test0345 - 1.3  Time elapsed: 0.001 s
test0346 - 1.3  Time elapsed: 0 s
test0347 - 1.3  Time elapsed: 0 s
test0348 - 1.3  Time elapsed: 0 s
test0349 - 1.3  Time elapsed: 0.001 s
test0350 - 1.3  Time elapsed: 0 s
test0351 - 1.3  Time elapsed: 0 s
test0352 - 1.3  Time elapsed: 0.001 s
test0353 - 1.3  Time elapsed: 0 s
test0354 - 1.3  Time elapsed: 0 s
test0355 - 1.3  Time elapsed: 0 s
test0356 - 1.3  Time elapsed: 0 s
test0357 - 1.3  Time elapsed: 0 s
test0358 - 1.3  Time elapsed: 0 s
test0359 - 1.3  Time elapsed: 0.001 s
test0360 - 1.3  Time elapsed: 0 s
test0361 - 1.3  Time elapsed: 0 s
test0362 - 1.3  Time elapsed: 0 s
test0363 - 1.3  Time elapsed: 0 s
test0364 - 1.3  Time elapsed: 0 s
test0365 - 1.3  Time elapsed: 0 s
test0366 - 1.3  Time elapsed: 0.001 s
test0367 - 1.3  Time elapsed: 0 s
test0368 - 1.3  Time elapsed: 0 s
test0369 - 1.3  Time elapsed: 0 s
test0370 - 1.3  Time elapsed: 0.001 s
test0371 - 1.3  Time elapsed: 0 s
test0372 - 1.3  Time elapsed: 0 s
test0373 - 1.3  Time elapsed: 0.001 s
test0374 - 1.3  Time elapsed: 0 s
test0375_Diet - 1.3  Time elapsed: 0 s
test0375_Method - 1.3  Time elapsed: 0 s
test0376_Diet - 1.3  Time elapsed: 0 s
test0376_Method - 1.3  Time elapsed: 0 s
test0377_Diet - 1.3  Time elapsed: 0 s
test0377_Method - 1.3  Time elapsed: 0 s
test0378_Diet - 1.3  Time elapsed: 0 s
test0378_Method - 1.3  Time elapsed: 0 s
test0379_Diet - 1.3  Time elapsed: 0.001 s
test0379_Method - 1.3  Time elapsed: 0 s
test0380_Diet - 1.3  Time elapsed: 0 s
test0380_Method - 1.3  Time elapsed: 0.001 s
test0381_Diet - 1.3  Time elapsed: 0 s
test0381_Method - 1.3  Time elapsed: 0 s
test0382_Diet - 1.3  Time elapsed: 0 s
test0382_Method - 1.3  Time elapsed: 0 s
test0384_Diet - 1.3  Time elapsed: 0 s
test0384_Method - 1.3  Time elapsed: 0 s
test0385_Diet - 1.3  Time elapsed: 0.001 s
test0385_Method - 1.3  Time elapsed: 0 s
test0386_Diet - 1.3  Time elapsed: 0.001 s
test0386_Method - 1.3  Time elapsed: 0 s
test0387_Diet - 1.3  Time elapsed: 0 s
test0387_Method - 1.3  Time elapsed: 0 s
test0388_Diet - 1.3  Time elapsed: 0 s
test0388_Method - 1.3  Time elapsed: 0 s
test01 - 1.3  Time elapsed: 0.001 s
test02 - 1.3  Time elapsed: 0 s
test03 - 1.3  Time elapsed: 0.001 s
test04 - 1.3  Time elapsed: 0 s
test05 - 1.3  Time elapsed: 0 s
test06 - 1.3  Time elapsed: 0.001 s
test07 - 1.3  Time elapsed: 0.001 s
test08 - 1.3  Time elapsed: 0 s
test09 - 1.3  Time elapsed: 0.001 s
test10 - 1.3  Time elapsed: 0.001 s
test11 - 1.3  Time elapsed: 0 s
test12 - 1.3  Time elapsed: 0.001 s
test13 - 1.3  Time elapsed: 0 s
test14 - 1.3  Time elapsed: 0 s
test15 - 1.3  Time elapsed: 0 s
test16 - 1.3  Time elapsed: 0 s
test17 - 1.3  Time elapsed: 0.001 s
test18 - 1.3  Time elapsed: 0 s
test19 - 1.3  Time elapsed: 0.001 s
test20 - 1.3  Time elapsed: 0 s
test21 - 1.3  Time elapsed: 0.001 s
test22 - 1.3  Time elapsed: 0 s
test23 - 1.3  Time elapsed: 0 s
test24 - 1.3  Time elapsed: 0 s
test25 - 1.3  Time elapsed: 0 s
test26 - 1.3  Time elapsed: 0.001 s
test01 - 1.3  Time elapsed: 0 s
test02 - 1.3  Time elapsed: 0 s
test03 - 1.3  Time elapsed: 0.001 s
test04 - 1.3  Time elapsed: 0 s
test05 - 1.3  Time elapsed: 0 s
test06 - 1.3  Time elapsed: 0 s
test07 - 1.3  Time elapsed: 0.001 s
test08 - 1.3  Time elapsed: 0 s
test09 - 1.3  Time elapsed: 0 s
test10 - 1.3  Time elapsed: 0 s
test11 - 1.3  Time elapsed: 0 s
test12 - 1.3  Time elapsed: 0 s
test13 - 1.3  Time elapsed: 0 s
test14 - 1.3  Time elapsed: 0.001 s
test15 - 1.3  Time elapsed: 0 s
test16 - 1.3  Time elapsed: 0 s
test17 - 1.3  Time elapsed: 0.001 s
test18 - 1.3  Time elapsed: 0 s
test19 - 1.3  Time elapsed: 0 s
test20 - 1.3  Time elapsed: 0.001 s
test21 - 1.3  Time elapsed: 0 s
test22 - 1.3  Time elapsed: 0 s
test23 - 1.3  Time elapsed: 0.001 s
test24 - 1.3  Time elapsed: 0 s
test25 - 1.3  Time elapsed: 0 s
test26 - 1.3  Time elapsed: 0.001 s
test27 - 1.3  Time elapsed: 0 s
test28 - 1.3  Time elapsed: 0 s
test29 - 1.3  Time elapsed: 0.001 s
test30 - 1.3  Time elapsed: 0 s
test31 - 1.3  Time elapsed: 0 s
test32 - 1.3  Time elapsed: 0.001 s
test33 - 1.3  Time elapsed: 0 s
test34 - 1.3  Time elapsed: 0 s
test34a - 1.3  Time elapsed: 0 s
test34b - 1.3  Time elapsed: 0 s
test34c - 1.3  Time elapsed: 0 s
test35 - 1.3  Time elapsed: 0.001 s
test36 - 1.3  Time elapsed: 0 s
test37 - 1.3  Time elapsed: 0 s
test38 - 1.3  Time elapsed: 0 s
test39 - 1.3  Time elapsed: 0 s
test40 - 1.3  Time elapsed: 0 s
test41 - 1.3  Time elapsed: 0.001 s
test42 - 1.3  Time elapsed: 0 s
test43 - 1.3  Time elapsed: 0 s
test44 - 1.3  Time elapsed: 0.001 s
test45 - 1.3  Time elapsed: 0 s
test46 - 1.3  Time elapsed: 0 s
test47 - 1.3  Time elapsed: 0.001 s
test48 - 1.3  Time elapsed: 0 s
test49 - 1.3  Time elapsed: 0 s
test50 - 1.3  Time elapsed: 0.001 s
test51 - 1.3  Time elapsed: 0 s
test52 - 1.3  Time elapsed: 0 s
test53 - 1.3  Time elapsed: 0.001 s
test54 - 1.3  Time elapsed: 0 s
test55 - 1.3  Time elapsed: 0.001 s
testPrimarySuper - 1.3  Time elapsed: 0.001 s
testPrimaryThis - 1.3  Time elapsed: 0 s
testSuper - 1.3  Time elapsed: 0.001 s
testThis - 1.3  Time elapsed: 0 s
testWrapperNameSuper - 1.3  Time elapsed: 0 s
testWrapperNameThis - 1.3  Time elapsed: 0 s
testWrapperPrimarySuper - 1.3  Time elapsed: 0 s
testWrapperSuper - 1.3  Time elapsed: 0.001 s
testWrapperThis - 1.3  Time elapsed: 0 s
testAdditiveExpressionMinus - 1.3  Time elapsed: 0.001 s
testAdditiveExpressionPlus - 1.3  Time elapsed: 0 s
testAndExpression - 1.3  Time elapsed: 0.001 s
testArgumentList - 1.3  Time elapsed: 0 s
testArrayAccess - 1.3  Time elapsed: 0 s
testArrayAccessPrimaryNoNewArray - 1.3  Time elapsed: 0.001 s
testArrayInitializer - 1.3  Time elapsed: 0 s
testArrayInitializerComma - 1.3  Time elapsed: 0 s
testAssignment - 1.3  Time elapsed: 0.001 s
testBlock - 1.3  Time elapsed: 0 s
testBlockStatements - 1.3  Time elapsed: 0 s
testBlockStatementsInConstructorBody - 1.3  Time elapsed: 0.001 s
testBlockStatementsInInitializer - 1.3  Time elapsed: 0 s
testBlockStatementsInStaticInitializer - 1.3  Time elapsed: 0.001 s
testCastExpression - 1.3  Time elapsed: 0 s
testCastExpressionUnaryExpression - 1.3  Time elapsed: 0 s
testClassInstanceCreationExpression - 1.3  Time elapsed: 0.001 s
testClassInstanceCreationExpressionName - 1.3  Time elapsed: 0 s
testClassInstanceCreationExpressionPrimary - 1.3  Time elapsed: 0 s
testConditionalAndExpression - 1.3  Time elapsed: 0.001 s
testConditionalExpression - 1.3  Time elapsed: 0 s
testConditionalExpressionConditionalExpression - 1.3  Time elapsed: 0.001 s
testConditionalOrExpression - 1.3  Time elapsed: 0 s
testConstructorBody - 1.3  Time elapsed: 0 s
testDimWithOrWithOutExpr - 1.3  Time elapsed: 0 s
testDoExpression - 1.3  Time elapsed: 0 s
testDoStatement - 1.3  Time elapsed: 0 s
testEqualityExpression - 1.3  Time elapsed: 0 s
testEqualityExpressionNot - 1.3  Time elapsed: 0 s
testExclusiveOrExpression - 1.3  Time elapsed: 0 s
testExplicitConstructorInvocationInConstructorBody - 1.3  Time elapsed: 0 s
testForInit - 1.3  Time elapsed: 0 s
testForStatement - 1.3  Time elapsed: 0 s
testForStatementExpression - 1.3  Time elapsed: 0 s
testForUpdate - 1.3  Time elapsed: 0.001 s
testIfExpresionThen - 1.3  Time elapsed: 0 s
testIfExpresionThenElse - 1.3  Time elapsed: 0 s
testIfThenElseStatement - 1.3  Time elapsed: 0 s
testIfThenStatement - 1.3  Time elapsed: 0 s
testIfThenStatementElse - 1.3  Time elapsed: 0 s
testInclusiveOrExpression - 1.3  Time elapsed: 0 s
testLabeledStatement - 1.3  Time elapsed: 0.001 s
testMethodBody - 1.3  Time elapsed: 0 s
testMethodInvocation - 1.3  Time elapsed: 0 s
testMethodInvocationPrimary - 1.3  Time elapsed: 0.001 s
testMethodInvocationSuper - 1.3  Time elapsed: 0 s
testMultiplicativeExpressionMultiplication - 1.3  Time elapsed: 0 s
testMultiplicativeExpressionRemainder - 1.3  Time elapsed: 0.001 s
testMultiplicativeExpressiondDivision - 1.3  Time elapsed: 0 s
testPreIncrementExpressionMinusMinus - 1.3  Time elapsed: 0 s
testPreIncrementExpressionPlusPlus - 1.3  Time elapsed: 0.001 s
testPrimaryNoNewArray - 1.3  Time elapsed: 0 s
testRelationalExpressionGreaterThan - 1.3  Time elapsed: 0 s
testRelationalExpressionGreaterThanOrEquals - 1.3  Time elapsed: 0.001 s
testRelationalExpressionLessThan - 1.3  Time elapsed: 0 s
testRelationalExpressionLessThanOrEqual - 1.3  Time elapsed: 0 s
testReturnStatement - 1.3  Time elapsed: 0.001 s
testShiftExpressionLeft - 1.3  Time elapsed: 0 s
testShiftExpressionRight - 1.3  Time elapsed: 0.001 s
testShiftExpressionRightUnSigned - 1.3  Time elapsed: 0 s
testStatementExpressionList - 1.3  Time elapsed: 0 s
testSwitchBlockStatement - 1.3  Time elapsed: 0.001 s
testSwitchExpression - 1.3  Time elapsed: 0 s
testSwitchLabel - 1.3  Time elapsed: 0 s
testSynchronizedStatement - 1.3  Time elapsed: 0 s
testThrowExpression - 1.3  Time elapsed: 0 s
testUnaryExpressionBitwiseComplement - 1.3  Time elapsed: 0.001 s
testUnaryExpressionLogicalComplement - 1.3  Time elapsed: 0 s
testUnaryExpressionMinus - 1.3  Time elapsed: 0.001 s
testUnaryExpressionPlus - 1.3  Time elapsed: 0 s
testVariableDeclarator - 1.3  Time elapsed: 0.001 s
testVariableInitializers - 1.3  Time elapsed: 0 s
testWhileExpression - 1.3  Time elapsed: 0 s
testWhileStatement - 1.3  Time elapsed: 0.001 s
testAnonymousFirstMethod - 1.3  Time elapsed: 0.001 s
testAnonymousNoStatementBefore - 1.3  Time elapsed: 0 s
testAnonymousOneFieldBefore - 1.3  Time elapsed: 0.001 s
testAnonymousOneStatementBefore - 1.3  Time elapsed: 0 s
testAnonymousSecondMethod - 1.3  Time elapsed: 0 s
testLocalTypeFirstMethod - 1.3  Time elapsed: 0 s
testLocalTypeNoStatementBefore - 1.3  Time elapsed: 0 s
testLocalTypeOneFieldBefore - 1.3  Time elapsed: 0.001 s
testLocalTypeOneStatementBefore - 1.3  Time elapsed: 0 s
testLocalTypeSecondMethod - 1.3  Time elapsed: 0.001 s
test001 - 1.3  Time elapsed: 0.006 s
test002 - 1.3  Time elapsed: 0.001 s
test003 - 1.3  Time elapsed: 0 s
test004 - 1.3  Time elapsed: 0 s
test005 - 1.3  Time elapsed: 0.001 s
test006 - 1.3  Time elapsed: 0 s
test007 - 1.3  Time elapsed: 0.001 s
test008 - 1.3  Time elapsed: 0 s
test010 - 1.3  Time elapsed: 0 s
test011 - 1.3  Time elapsed: 0.001 s
test012 - 1.3  Time elapsed: 0 s
test013 - 1.3  Time elapsed: 0 s
test014 - 1.3  Time elapsed: 0.001 s
test015 - 1.3  Time elapsed: 0 s
test020 - 1.3  Time elapsed: 0 s
test021 - 1.3  Time elapsed: 0 s
test022 - 1.3  Time elapsed: 0 s
test023 - 1.3  Time elapsed: 0 s
test024 - 1.3  Time elapsed: 0 s
test025 - 1.3  Time elapsed: 0.001 s
test026 - 1.3  Time elapsed: 0 s
test027 - 1.3  Time elapsed: 0 s
test028 - 1.3  Time elapsed: 0.001 s
test029 - 1.3  Time elapsed: 0 s
test030 - 1.3  Time elapsed: 0 s
test031 - 1.3  Time elapsed: 0 s
test032 - 1.3  Time elapsed: 0 s
test1FTEO9L - 1.3  Time elapsed: 0.002 s
testInCaseWithIdentifier - 1.3  Time elapsed: 0 s
testInCaseWithNumberConstant - 1.3  Time elapsed: 0 s
testInLabeledInnerClass - 1.3  Time elapsed: 0 s
testInLabeledInnerClassWithErrorBefore - 1.3  Time elapsed: 0 s
testOneLevelDeep - 1.3  Time elapsed: 0.001 s
testSecondLabel - 1.3  Time elapsed: 0 s
testTwoLevelDeep - 1.3  Time elapsed: 0 s
test1FVVWS8_1 - 1.3  Time elapsed: 0 s
test1FVVWS8_2 - 1.3  Time elapsed: 0.001 s
test1FW2ZTB_1 - 1.3  Time elapsed: 0 s
test1FW2ZTB_2 - 1.3  Time elapsed: 0.001 s
test1FW35YZ_1 - 1.3  Time elapsed: 0 s
test1FW35YZ_2 - 1.3  Time elapsed: 0 s
test1FWYBKF - 1.3  Time elapsed: 0 s
test1GAJBUQ - 1.3  Time elapsed: 0 s
testAfterEmptyAnonymous - 1.3  Time elapsed: 0.001 s
testAfterFirstParameter - 1.3  Time elapsed: 0 s
testBeforeFirstParameter - 1.3  Time elapsed: 0 s
testBeforeLastParameter - 1.3  Time elapsed: 0.001 s
testBeforeSecondParameter - 1.3  Time elapsed: 0 s
testEmptyInFirstParameter - 1.3  Time elapsed: 0 s
testInFirstParameter - 1.3  Time elapsed: 0.001 s
testInIfStatement - 1.3  Time elapsed: 0 s
testLabeledWithExpressionReceiver - 1.3  Time elapsed: 0.001 s
testLabeledWithoutReceiver - 1.3  Time elapsed: 0 s
testNoReceiver - 1.3  Time elapsed: 0 s
testSpaceThenFirstParameter - 1.3  Time elapsed: 0.001 s
testSuper - 1.3  Time elapsed: 0 s
testWithExpressionReceiver - 1.3  Time elapsed: 0 s
testWithNameReceiver - 1.3  Time elapsed: 0.001 s
testWithNameReceiverAfterConditionalExpression - 1.3  Time elapsed: 0 s
testWithNameReceiverAndTwoArgs - 1.3  Time elapsed: 0 s
testWithQualifiedNameReceiver - 1.3  Time elapsed: 0 s
test1FTZ849 - 1.3  Time elapsed: 0.001 s
test1FUUP73 - 1.3  Time elapsed: 0 s
test1FVRQQA_1 - 1.3  Time elapsed: 0 s
test1FVRQQA_2 - 1.3  Time elapsed: 0 s
test1FVT66Q_1 - 1.3  Time elapsed: 0.001 s
test1FVT66Q_2 - 1.3  Time elapsed: 0 s
test1G8DE30 - 1.3  Time elapsed: 0.001 s
testEmptyNameReference - 1.3  Time elapsed: 0 s
testEmptyNameReferenceAfterCast - 1.3  Time elapsed: 0 s
testEmptyNameReferenceAfterPlus - 1.3  Time elapsed: 0 s
testEmptyNameReferenceInArrayDim - 1.3  Time elapsed: 0 s
testEmptyNameReferenceInInnerClass - 1.3  Time elapsed: 0 s
testInIfThenStatement - 1.3  Time elapsed: 0 s
testInnerClassFieldInitializer - 1.3  Time elapsed: 0 s
testInvocationFieldInitializer - 1.3  Time elapsed: 0.001 s
testMethodInvocationAnonymousInnerClass - 1.3  Time elapsed: 0 s
testQualifiedNameReferenceShrinkAll - 1.3  Time elapsed: 0 s
testQualifiedNameReferenceShrinkAllButOne - 1.3  Time elapsed: 0 s
testQualifiedNameReferenceShrinkAllButOne2 - 1.3  Time elapsed: 0 s
testQualifiedNameReferenceShrinkNone - 1.3  Time elapsed: 0.001 s
testQualifiedNameReferenceShrinkNone2 - 1.3  Time elapsed: 0 s
testQualifiedNameReferenceShrinkOne - 1.3  Time elapsed: 0.001 s
testQualifiedNameReferenceShrinkOne2 - 1.3  Time elapsed: 0 s
testUnicode - 1.3  Time elapsed: 0.001 s
test1FTZCIG - 1.3  Time elapsed: 0.001 s
testBlock - 1.3  Time elapsed: 0 s
testBlockStatements - 1.3  Time elapsed: 0 s
testCatchClause1 - 1.3  Time elapsed: 0 s
testCatchClause2 - 1.3  Time elapsed: 0 s
testCatchClause3 - 1.3  Time elapsed: 0.001 s
testClassBody - 1.3  Time elapsed: 0 s
testClassBodyDeclarations - 1.3  Time elapsed: 0 s
testClassInstanceCreationExpression1 - 1.3  Time elapsed: 0 s
testClassInstanceCreationExpression2 - 1.3  Time elapsed: 0 s
testClassInstanceCreationExpression3 - 1.3  Time elapsed: 0.001 s
testClassInstanceCreationExpression4 - 1.3  Time elapsed: 0 s
testClassInstanceCreationExpressionName1 - 1.3  Time elapsed: 0 s
testClassInstanceCreationExpressionName2 - 1.3  Time elapsed: 0.001 s
testClassInstanceCreationExpressionName3 - 1.3  Time elapsed: 0 s
testClassInstanceCreationExpressionName4 - 1.3  Time elapsed: 0 s
testClassInstanceCreationExpressionPrimary1 - 1.3  Time elapsed: 0.001 s
testClassInstanceCreationExpressionPrimary2 - 1.3  Time elapsed: 0 s
testClassInstanceCreationExpressionPrimary3 - 1.3  Time elapsed: 0 s
testClassInstanceCreationExpressionPrimary4 - 1.3  Time elapsed: 0 s
testClassTypeList - 1.3  Time elapsed: 0 s
testConstructorBody - 1.3  Time elapsed: 0 s
testConstructorDeclarator - 1.3  Time elapsed: 0 s
testDeepReference - 1.3  Time elapsed: 0 s
testExtendsClass - 1.3  Time elapsed: 0 s
testExtendsInterface - 1.3  Time elapsed: 0.001 s
testFieldDeclarationWithModifiers - 1.3  Time elapsed: 0 s
testFieldDeclarationWithoutModifiers - 1.3  Time elapsed: 0 s
testForStatement - 1.3  Time elapsed: 0 s
testFormalParameter - 1.3  Time elapsed: 0 s
testFormalParameterList - 1.3  Time elapsed: 0 s
testImplements - 1.3  Time elapsed: 0.001 s
testInstanceOf - 1.3  Time elapsed: 0 s
testInterfaceBody - 1.3  Time elapsed: 0 s
testInterfaceMemberDeclarations - 1.3  Time elapsed: 0 s
testInterfaceTypeList - 1.3  Time elapsed: 0 s
testLocalVariableDeclaration - 1.3  Time elapsed: 0.001 s
testMethodBody - 1.3  Time elapsed: 0 s
testMethodDeclarator - 1.3  Time elapsed: 0 s
testMethodHeaderWithModifiers - 1.3  Time elapsed: 0 s
testMethodHeaderWithoutModifiers - 1.3  Time elapsed: 0 s
testQualifiedTypeReferenceShrinkAll - 1.3  Time elapsed: 0 s
testQualifiedTypeReferenceShrinkAllButOne - 1.3  Time elapsed: 0.001 s
testQualifiedTypeReferenceShrinkNone - 1.3  Time elapsed: 0 s
testQualifiedTypeReferenceShrinkOne - 1.3  Time elapsed: 0 s
testSwitchBlockStatement - 1.3  Time elapsed: 0.001 s
testThrows - 1.3  Time elapsed: 0 s
testNameSuper - 1.3  Time elapsed: 0.008 s
testNameThis - 1.3  Time elapsed: 0.001 s
testPrimarySuper - 1.3  Time elapsed: 0 s
testSuper - 1.3  Time elapsed: 0.001 s
testThis - 1.3  Time elapsed: 0 s
test01 - 1.3  Time elapsed: 0.001 s
test02 - 1.3  Time elapsed: 0 s
test03 - 1.3  Time elapsed: 0.001 s
test04 - 1.3  Time elapsed: 0 s
test05 - 1.3  Time elapsed: 0.001 s
test06 - 1.3  Time elapsed: 0.001 s
test07 - 1.3  Time elapsed: 0.001 s
test08 - 1.3  Time elapsed: 0.001 s
test09 - 1.3  Time elapsed: 0.002 s
test10 - 1.3  Time elapsed: 0.001 s
test11 - 1.3  Time elapsed: 0 s
test12 - 1.3  Time elapsed: 0.001 s
test13 - 1.3  Time elapsed: 0 s
test14 - 1.3  Time elapsed: 0.001 s
test15 - 1.3  Time elapsed: 0 s
test16 - 1.3  Time elapsed: 0 s
test17 - 1.3  Time elapsed: 0.001 s
test18 - 1.3  Time elapsed: 0 s
test19 - 1.3  Time elapsed: 0.001 s
test20 - 1.3  Time elapsed: 0.001 s
test21 - 1.3  Time elapsed: 0 s
test22 - 1.3  Time elapsed: 0 s
test23 - 1.3  Time elapsed: 0.001 s
test24 - 1.3  Time elapsed: 0 s
test25 - 1.3  Time elapsed: 0.001 s
test26 - 1.3  Time elapsed: 0.001 s
test27 - 1.3  Time elapsed: 0.001 s
test28 - 1.3  Time elapsed: 0 s
test29 - 1.3  Time elapsed: 0.001 s
test30 - 1.3  Time elapsed: 0 s
test31 - 1.3  Time elapsed: 0.001 s
test32 - 1.3  Time elapsed: 0.001 s
test33 - 1.3  Time elapsed: 0.001 s
test34 - 1.3  Time elapsed: 0 s
test35 - 1.3  Time elapsed: 0 s
test36 - 1.3  Time elapsed: 0.001 s
test37 - 1.3  Time elapsed: 0 s
test38 - 1.3  Time elapsed: 0.001 s
test39 - 1.3  Time elapsed: 0 s
test40 - 1.3  Time elapsed: 0.001 s
test41 - 1.3  Time elapsed: 0 s
test42 - 1.3  Time elapsed: 0.001 s
test43 - 1.3  Time elapsed: 0 s
test44 - 1.3  Time elapsed: 0.002 s
test45 - 1.3  Time elapsed: 0 s
test46 - 1.3  Time elapsed: 0 s
test47 - 1.3  Time elapsed: 0 s
test48 - 1.3  Time elapsed: 0 s
test49 - 1.3  Time elapsed: 0.002 s
test50 - 1.3  Time elapsed: 0.001 s
test51 - 1.3  Time elapsed: 0.002 s
test52 - 1.3  Time elapsed: 0.002 s
test53 - 1.3  Time elapsed: 0.001 s
test54 - 1.3  Time elapsed: 0.001 s
test55 - 1.3  Time elapsed: 0 s
testBug30946 - 1.3  Time elapsed: 1.004 s
test01 - 1.3  Time elapsed: 0.003 s
test02 - 1.3  Time elapsed: 0 s
test03 - 1.3  Time elapsed: 0.001 s
test04 - 1.3  Time elapsed: 0 s
test05 - 1.3  Time elapsed: 0.001 s
test06 - 1.3  Time elapsed: 0 s
test07 - 1.3  Time elapsed: 0.002 s
test08 - 1.3  Time elapsed: 0.003 s
test09 - 1.3  Time elapsed: 0.004 s
test10 - 1.3  Time elapsed: 0.003 s
test11 - 1.3  Time elapsed: 0.001 s
test12 - 1.3  Time elapsed: 0 s
test13 - 1.3  Time elapsed: 0.001 s
test14 - 1.3  Time elapsed: 0.002 s
test15 - 1.3  Time elapsed: 0.003 s
test16 - 1.3  Time elapsed: 0.001 s
test17 - 1.3  Time elapsed: 0.002 s
test18 - 1.3  Time elapsed: 0.002 s
test19 - 1.3  Time elapsed: 0.001 s
test20 - 1.3  Time elapsed: 0.002 s
test21 - 1.3  Time elapsed: 0.001 s
test22 - 1.3  Time elapsed: 0.001 s
test23 - 1.3  Time elapsed: 0.001 s
test24 - 1.3  Time elapsed: 0.001 s
test25 - 1.3  Time elapsed: 0 s
test26 - 1.3  Time elapsed: 0.001 s
test01 - 1.3  Time elapsed: 0.014 s
test02 - 1.3  Time elapsed: 0.006 s
test03 - 1.3  Time elapsed: 0.006 s
test04 - 1.3  Time elapsed: 0.008 s
test05 - 1.3  Time elapsed: 0.004 s
test06 - 1.3  Time elapsed: 0.005 s
test07 - 1.3  Time elapsed: 0.003 s
test08 - 1.3  Time elapsed: 0.005 s
test09 - 1.3  Time elapsed: 0.004 s
test10 - 1.3  Time elapsed: 0.007 s
test100 - 1.3  Time elapsed: 0.007 s
test102 - 1.3  Time elapsed: 0.005 s
test103 - 1.3  Time elapsed: 0.005 s
test104 - 1.3  Time elapsed: 0.015 s
test105 - 1.3  Time elapsed: 0.007 s
test106 - 1.3  Time elapsed: 0.002 s
test107 - 1.3  Time elapsed: 0.004 s
test108 - 1.3  Time elapsed: 0.005 s
test109 - 1.3  Time elapsed: 0.005 s
test11 - 1.3  Time elapsed: 0.005 s
test110 - 1.3  Time elapsed: 0.004 s
test111 - 1.3  Time elapsed: 0.004 s
test112 - 1.3  Time elapsed: 0.007 s
test113 - 1.3  Time elapsed: 0.01 s
test114 - 1.3  Time elapsed: 0.003 s
test115 - 1.3  Time elapsed: 0.002 s
test116 - 1.3  Time elapsed: 0.005 s
test117 - 1.3  Time elapsed: 0.006 s
test117_2 - 1.3  Time elapsed: 0.003 s
test118 - 1.3  Time elapsed: 0.003 s
test119 - 1.3  Time elapsed: 0.005 s
test12 - 1.3  Time elapsed: 0.005 s
test120 - 1.3  Time elapsed: 0.003 s
test121 - 1.3  Time elapsed: 0.002 s
test122 - 1.3  Time elapsed: 0.004 s
test123 - 1.3  Time elapsed: 0.004 s
test125 - 1.3  Time elapsed: 2.749 s
test126 - 1.3  Time elapsed: 0.002 s
test127 - 1.3  Time elapsed: 0.001 s
test128 - 1.3  Time elapsed: 0.004 s
test13 - 1.3  Time elapsed: 0.002 s
test14 - 1.3  Time elapsed: 0.003 s
test15 - 1.3  Time elapsed: 0.003 s
test16 - 1.3  Time elapsed: 0.003 s
test17 - 1.3  Time elapsed: 0.003 s
test18 - 1.3  Time elapsed: 0.002 s
test19 - 1.3  Time elapsed: 0.003 s
test20 - 1.3  Time elapsed: 0.003 s
test21 - 1.3  Time elapsed: 0.002 s
test22 - 1.3  Time elapsed: 0.003 s
test23 - 1.3  Time elapsed: 0.004 s
test24 - 1.3  Time elapsed: 0.005 s
test25 - 1.3  Time elapsed: 0.005 s
test26 - 1.3  Time elapsed: 0.005 s
test27 - 1.3  Time elapsed: 0.005 s
test28 - 1.3  Time elapsed: 0.002 s
test29 - 1.3  Time elapsed: 0.002 s
test30 - 1.3  Time elapsed: 0.003 s
test31 - 1.3  Time elapsed: 0.005 s
test33 - 1.3  Time elapsed: 0.004 s
test34 - 1.3  Time elapsed: 0.003 s
test35 - 1.3  Time elapsed: 0.003 s
test36 - 1.3  Time elapsed: 0.002 s
test37 - 1.3  Time elapsed: 0.002 s
test38 - 1.3  Time elapsed: 0.003 s
test39 - 1.3  Time elapsed: 0.004 s
test40 - 1.3  Time elapsed: 0.004 s
test405778 - 1.3  Time elapsed: 0.003 s
test405778a - 1.3  Time elapsed: 0.003 s
test41 - 1.3  Time elapsed: 0.006 s
test42 - 1.3  Time elapsed: 0.004 s
test43 - 1.3  Time elapsed: 0.007 s
test44 - 1.3  Time elapsed: 0.004 s
test45 - 1.3  Time elapsed: 0.001 s
test456861 - 1.3  Time elapsed: 0.002 s
test46 - 1.3  Time elapsed: 0.008 s
test47 - 1.3  Time elapsed: 0.004 s
test48 - 1.3  Time elapsed: 0.002 s
test49 - 1.3  Time elapsed: 0.004 s
test50 - 1.3  Time elapsed: 0.004 s
test51 - 1.3  Time elapsed: 0.004 s
test52 - 1.3  Time elapsed: 0.003 s
test53 - 1.3  Time elapsed: 0.002 s
test54 - 1.3  Time elapsed: 0.004 s
test55 - 1.3  Time elapsed: 0.003 s
test56 - 1.3  Time elapsed: 0.005 s
test57 - 1.3  Time elapsed: 0.004 s
test58 - 1.3  Time elapsed: 0.001 s
test59 - 1.3  Time elapsed: 0.002 s
test60 - 1.3  Time elapsed: 0.004 s
test61 - 1.3  Time elapsed: 0.003 s
test62 - 1.3  Time elapsed: 0.004 s
test63 - 1.3  Time elapsed: 0.003 s
test64 - 1.3  Time elapsed: 0.005 s
test65 - 1.3  Time elapsed: 0.006 s
test66 - 1.3  Time elapsed: 0.003 s
test67 - 1.3  Time elapsed: 0.003 s
test68 - 1.3  Time elapsed: 0 s
test69 - 1.3  Time elapsed: 0.004 s
test70 - 1.3  Time elapsed: 0.003 s
test71 - 1.3  Time elapsed: 0.004 s
test72 - 1.3  Time elapsed: 0.001 s
test73 - 1.3  Time elapsed: 0.004 s
test74 - 1.3  Time elapsed: 0.002 s
test75 - 1.3  Time elapsed: 0.009 s
test76 - 1.3  Time elapsed: 0.005 s
test77 - 1.3  Time elapsed: 0.006 s
test78 - 1.3  Time elapsed: 0.005 s
test79 - 1.3  Time elapsed: 0.004 s
test80 - 1.3  Time elapsed: 0.004 s
test81 - 1.3  Time elapsed: 0.003 s
test82 - 1.3  Time elapsed: 0.002 s
test83 - 1.3  Time elapsed: 0.002 s
test84 - 1.3  Time elapsed: 0.001 s
test85 - 1.3  Time elapsed: 0.002 s
test86 - 1.3  Time elapsed: 0.002 s
test87 - 1.3  Time elapsed: 0.003 s
test88 - 1.3  Time elapsed: 0.004 s
test89 - 1.3  Time elapsed: 0.003 s
test90 - 1.3  Time elapsed: 0.006 s
test91 - 1.3  Time elapsed: 0.001 s
test92 - 1.3  Time elapsed: 0.001 s
test93 - 1.3  Time elapsed: 0.003 s
test94 - 1.3  Time elapsed: 0.007 s
test95 - 1.3  Time elapsed: 0.001 s
test96 - 1.3  Time elapsed: 0.002 s
test97 - 1.3  Time elapsed: 0.001 s
test98 - 1.3  Time elapsed: 0.004 s
test99 - 1.3  Time elapsed: 0.027 s
test0001 - 1.3  Time elapsed: 0.001 s
test0002 - 1.3  Time elapsed: 0.001 s
test0003 - 1.3  Time elapsed: 0.001 s
test0004 - 1.3  Time elapsed: 0.001 s
test0005 - 1.3  Time elapsed: 0.002 s
test0006 - 1.3  Time elapsed: 0.001 s
test0007 - 1.3  Time elapsed: 0.001 s
test0008 - 1.3  Time elapsed: 0.001 s
test0009 - 1.3  Time elapsed: 0.002 s
test0010 - 1.3  Time elapsed: 0.001 s
test0011 - 1.3  Time elapsed: 0.001 s
test0012 - 1.3  Time elapsed: 0.002 s
test0013 - 1.3  Time elapsed: 0.002 s
test0014 - 1.3  Time elapsed: 0.002 s
test0015 - 1.3  Time elapsed: 0.001 s
test0016 - 1.3  Time elapsed: 0.002 s
test0017 - 1.3  Time elapsed: 0.002 s
test0018 - 1.3  Time elapsed: 0.002 s
test0019 - 1.3  Time elapsed: 0.002 s
test0020 - 1.3  Time elapsed: 0.003 s
test0021 - 1.3  Time elapsed: 0.001 s
test0022 - 1.3  Time elapsed: 0.002 s
test0023 - 1.3  Time elapsed: 0.002 s
test0024 - 1.3  Time elapsed: 0.002 s
test0025 - 1.3  Time elapsed: 0.001 s
test0026 - 1.3  Time elapsed: 0.001 s
test0027 - 1.3  Time elapsed: 0.002 s
test0028 - 1.3  Time elapsed: 0.002 s
test0029 - 1.3  Time elapsed: 0.002 s
test0030 - 1.3  Time elapsed: 0.002 s
test0031 - 1.3  Time elapsed: 0.003 s
test0032 - 1.3  Time elapsed: 0.003 s
test0033 - 1.3  Time elapsed: 0.001 s
test0034 - 1.3  Time elapsed: 0.002 s
test0035 - 1.3  Time elapsed: 0.002 s
test0036 - 1.3  Time elapsed: 0.002 s
test0037 - 1.3  Time elapsed: 0.002 s
test0038 - 1.3  Time elapsed: 0.004 s
test0039 - 1.3  Time elapsed: 0.003 s
test0040 - 1.3  Time elapsed: 0.002 s
test0041 - 1.3  Time elapsed: 0.005 s
test0042 - 1.3  Time elapsed: 0.002 s
test0043 - 1.3  Time elapsed: 0.001 s
test0044 - 1.3  Time elapsed: 0.002 s
test0045 - 1.3  Time elapsed: 0.003 s
test0046 - 1.3  Time elapsed: 0.002 s
test0047 - 1.3  Time elapsed: 0.002 s
testBug430336 - 1.3  Time elapsed: 0.002 s
test01 - 1.3  Time elapsed: 0.003 s
test02 - 1.3  Time elapsed: 0 s
test03 - 1.3  Time elapsed: 0.001 s
test04 - 1.3  Time elapsed: 0.001 s
test05 - 1.3  Time elapsed: 0.001 s
test06 - 1.3  Time elapsed: 0.001 s
test07 - 1.3  Time elapsed: 0.002 s
test08 - 1.3  Time elapsed: 0 s
test09 - 1.3  Time elapsed: 0.001 s
test10 - 1.3  Time elapsed: 0.001 s
test11 - 1.3  Time elapsed: 0 s
test12 - 1.3  Time elapsed: 0 s
test13 - 1.3  Time elapsed: 0.001 s
test14 - 1.3  Time elapsed: 0 s
test15 - 1.3  Time elapsed: 0 s
test16 - 1.3  Time elapsed: 0 s
test17 - 1.3  Time elapsed: 0.001 s
test18 - 1.3  Time elapsed: 0.001 s
test19 - 1.3  Time elapsed: 0.001 s
test20 - 1.3  Time elapsed: 0.001 s
test21 - 1.3  Time elapsed: 0.001 s
test22 - 1.3  Time elapsed: 0 s
test23 - 1.3  Time elapsed: 0.001 s
test24 - 1.3  Time elapsed: 0.001 s
test25 - 1.3  Time elapsed: 0.001 s
test26 - 1.3  Time elapsed: 0 s
test27 - 1.3  Time elapsed: 0 s
test28 - 1.3  Time elapsed: 0.001 s
test29 - 1.3  Time elapsed: 0.001 s
test30 - 1.3  Time elapsed: 0.001 s
test31 - 1.3  Time elapsed: 0.001 s
test32 - 1.3  Time elapsed: 0.001 s
test33 - 1.3  Time elapsed: 0.001 s
test34 - 1.3  Time elapsed: 0.002 s
test35 - 1.3  Time elapsed: 0.001 s
test36 - 1.3  Time elapsed: 0.001 s
test37 - 1.3  Time elapsed: 0 s
test38 - 1.3  Time elapsed: 0 s
test39 - 1.3  Time elapsed: 0.001 s
test40 - 1.3  Time elapsed: 0 s
test41 - 1.3  Time elapsed: 0.001 s
test42 - 1.3  Time elapsed: 0 s
test43 - 1.3  Time elapsed: 0 s
test44 - 1.3  Time elapsed: 0.001 s
test45 - 1.3  Time elapsed: 0 s
test46 - 1.3  Time elapsed: 0.001 s
test47 - 1.3  Time elapsed: 0 s
test48 - 1.3  Time elapsed: 0.001 s
test49 - 1.3  Time elapsed: 0 s
test50 - 1.3  Time elapsed: 0.001 s
test51 - 1.3  Time elapsed: 0.001 s
test52 - 1.3  Time elapsed: 0.001 s
test53 - 1.3  Time elapsed: 0.001 s
test54 - 1.3  Time elapsed: 0.001 s
test55 - 1.3  Time elapsed: 0.001 s
test56 - 1.3  Time elapsed: 0 s
test57 - 1.3  Time elapsed: 0 s
test58 - 1.3  Time elapsed: 0.001 s
test59 - 1.3  Time elapsed: 0 s
test60 - 1.3  Time elapsed: 0 s
test61 - 1.3  Time elapsed: 0.001 s
test62 - 1.3  Time elapsed: 0.001 s
test63 - 1.3  Time elapsed: 0.001 s
test64 - 1.3  Time elapsed: 0.001 s
test65 - 1.3  Time elapsed: 0.001 s
test66 - 1.3  Time elapsed: 0 s
test67 - 1.3  Time elapsed: 0.001 s
test68 - 1.3  Time elapsed: 0 s
test69 - 1.3  Time elapsed: 0.001 s
test70 - 1.3  Time elapsed: 0 s
test71 - 1.3  Time elapsed: 0.001 s
test72 - 1.3  Time elapsed: 0 s
test73 - 1.3  Time elapsed: 0 s
test74 - 1.3  Time elapsed: 0 s
test75 - 1.3  Time elapsed: 0.002 s
test76 - 1.3  Time elapsed: 0.001 s
test81 - 1.3  Time elapsed: 0.001 s
testBug99662 - 1.3  Time elapsed: 0 s
test01 - 1.3  Time elapsed: 0.004 s
test01 - 1.3  Time elapsed: 0.002 s
test02 - 1.3  Time elapsed: 0.001 s
test03 - 1.3  Time elapsed: 0.001 s
test04 - 1.3  Time elapsed: 0.001 s
test05 - 1.3  Time elapsed: 0.001 s
test06 - 1.3  Time elapsed: 0.001 s
test07 - 1.3  Time elapsed: 0.001 s
test08 - 1.3  Time elapsed: 0.001 s
test09 - 1.3  Time elapsed: 0.001 s
test10 - 1.3  Time elapsed: 0.001 s
test11 - 1.3  Time elapsed: 0 s
test12 - 1.3  Time elapsed: 0.001 s
test13 - 1.3  Time elapsed: 0.001 s
test14 - 1.3  Time elapsed: 0 s
test15 - 1.3  Time elapsed: 0.001 s
test01 - 1.3  Time elapsed: 0.001 s
test02 - 1.3  Time elapsed: 0.001 s
test03 - 1.3  Time elapsed: 0.001 s
test04 - 1.3  Time elapsed: 0 s
test05 - 1.3  Time elapsed: 0 s
test06 - 1.3  Time elapsed: 0 s
test07 - 1.3  Time elapsed: 0.001 s
test08 - 1.3  Time elapsed: 0.001 s
test09 - 1.3  Time elapsed: 0.001 s
test10 - 1.3  Time elapsed: 0 s
test001 - 1.3  Time elapsed: 0.007 s
test002 - 1.3  Time elapsed: 0.001 s
test003 - 1.3  Time elapsed: 0.002 s
test004 - 1.3  Time elapsed: 0.001 s
test005 - 1.3  Time elapsed: 0.001 s
test006 - 1.3  Time elapsed: 0.001 s
test007 - 1.3  Time elapsed: 0.001 s
test008 - 1.3  Time elapsed: 0.001 s
test009 - 1.3  Time elapsed: 0.001 s
test010 - 1.3  Time elapsed: 0.001 s
test012 - 1.3  Time elapsed: 0.002 s
test013 - 1.3  Time elapsed: 0.001 s
test014 - 1.3  Time elapsed: 0.001 s
test015 - 1.3  Time elapsed: 0.002 s
test016 - 1.3  Time elapsed: 0.002 s
test017 - 1.3  Time elapsed: 0.002 s
test018 - 1.3  Time elapsed: 0.001 s
test019 - 1.3  Time elapsed: 0.001 s
test020 - 1.3  Time elapsed: 0.003 s
test021 - 1.3  Time elapsed: 0.216 s
test022 - 1.3  Time elapsed: 0.001 s
test023 - 1.3  Time elapsed: 0.001 s
test024 - 1.3  Time elapsed: 0.001 s
test025 - 1.3  Time elapsed: 0.002 s
test026 - 1.3  Time elapsed: 0.002 s
test027 - 1.3  Time elapsed: 0.002 s
testBug485477 - 1.3  Time elapsed: 0.002 s
test0001 - 1.3  Time elapsed: 0.001 s
test0002 - 1.3  Time elapsed: 0 s
test0003 - 1.3  Time elapsed: 0.001 s
test0004 - 1.3  Time elapsed: 0.002 s
test0005 - 1.3  Time elapsed: 0.001 s
test0006 - 1.3  Time elapsed: 0.003 s
test0007 - 1.3  Time elapsed: 0.002 s
test0008 - 1.3  Time elapsed: 0.001 s
test0009 - 1.3  Time elapsed: 0.001 s
test0010 - 1.3  Time elapsed: 0.002 s
test0011 - 1.3  Time elapsed: 0.001 s
test0012 - 1.3  Time elapsed: 0.002 s
test0013 - 1.3  Time elapsed: 0.001 s
test0014 - 1.3  Time elapsed: 0.002 s
test0015 - 1.3  Time elapsed: 0.001 s
test0016 - 1.3  Time elapsed: 0.002 s
test0017 - 1.3  Time elapsed: 0.002 s
test0018 - 1.3  Time elapsed: 0.002 s
test0019 - 1.3  Time elapsed: 0.001 s
test0020 - 1.3  Time elapsed: 0.001 s
test0021 - 1.3  Time elapsed: 0.001 s
test0022 - 1.3  Time elapsed: 0.001 s
test0023 - 1.3  Time elapsed: 0.001 s
test0025 - 1.3  Time elapsed: 0.001 s
test0026 - 1.3  Time elapsed: 0.003 s
test0027 - 1.3  Time elapsed: 0.001 s
test0028 - 1.3  Time elapsed: 0.001 s
test0029 - 1.3  Time elapsed: 0.002 s
test0031 - 1.3  Time elapsed: 0.002 s
test0033 - 1.3  Time elapsed: 0.002 s
test0034 - 1.3  Time elapsed: 0.002 s
test0035 - 1.3  Time elapsed: 0.002 s
test0036 - 1.3  Time elapsed: 0.001 s
test0037 - 1.3  Time elapsed: 0.001 s
test0038 - 1.3  Time elapsed: 0.002 s
test0039 - 1.3  Time elapsed: 0.001 s
test0040 - 1.3  Time elapsed: 0.001 s
test0041 - 1.3  Time elapsed: 0.002 s
test0042 - 1.3  Time elapsed: 0.002 s
test0043 - 1.3  Time elapsed: 0.001 s
test0044 - 1.3  Time elapsed: 0.002 s
test0045 - 1.3  Time elapsed: 0.001 s
test0046 - 1.3  Time elapsed: 0.001 s
test0047 - 1.3  Time elapsed: 0.001 s
test0048 - 1.3  Time elapsed: 0.001 s
test0049 - 1.3  Time elapsed: 0.004 s
test0050 - 1.3  Time elapsed: 0.002 s
test0051 - 1.3  Time elapsed: 0.002 s
test0052 - 1.3  Time elapsed: 0.002 s
test0053 - 1.3  Time elapsed: 0.001 s
test0054 - 1.3  Time elapsed: 0.001 s
test0055 - 1.3  Time elapsed: 0.004 s
test0056 - 1.3  Time elapsed: 0.232 s
test0057 - 1.3  Time elapsed: 0.001 s
test0058 - 1.3  Time elapsed: 0.003 s
test0059 - 1.3  Time elapsed: 0.001 s
test0060 - 1.3  Time elapsed: 0.001 s
test0061 - 1.3  Time elapsed: 0.001 s
test0062 - 1.3  Time elapsed: 0.003 s
test0063 - 1.3  Time elapsed: 0 s
test0064 - 1.3  Time elapsed: 0.001 s
test401850 - 1.3  Time elapsed: 0 s
test406846 - 1.3  Time elapsed: 0.005 s
test421477 - 1.3  Time elapsed: 0.001 s
test428605 - 1.3  Time elapsed: 0.001 s
test429110 - 1.3  Time elapsed: 0 s
testBug391201 - 1.3  Time elapsed: 0 s
testBug399773 - 1.3  Time elapsed: 0.002 s
testBug399778 - 1.3  Time elapsed: 0 s
testBug399778a - 1.3  Time elapsed: 0 s
testBug399780 - 1.3  Time elapsed: 0.001 s
testBug399781 - 1.3  Time elapsed: 0.003 s
testBug440285 - 1.3  Time elapsed: 0 s
testBug531714_001 - 1.3  Time elapsed: 0.004 s
testBug531714_002 - 1.3  Time elapsed: 0.002 s
testInIfStatement - 1.4  Time elapsed: 0.001 s
testNoQualificationQualifiedTypeName - 1.4  Time elapsed: 0 s
testNoQualificationSimpleTypeName - 1.4  Time elapsed: 0 s
testQualifiedWithName - 1.4  Time elapsed: 0 s
testQualifiedWithPrimary - 1.4  Time elapsed: 0.001 s
testArrayType - 1.4  Time elapsed: 0 s
testArrayTypeWithNonEmptyIdentifier - 1.4  Time elapsed: 0.001 s
testPrimitiveArrayType - 1.4  Time elapsed: 0 s
testPrimitiveArrayTypeWithNonEmptyIdentifier - 1.4  Time elapsed: 0 s
testPrimitiveType - 1.4  Time elapsed: 0.001 s
testPrimitiveTypeWithNonEmptyIdentifier - 1.4  Time elapsed: 0 s
test001 - 1.4  Time elapsed: 0 s
test002 - 1.4  Time elapsed: 0.001 s
test003 - 1.4  Time elapsed: 0 s
test004 - 1.4  Time elapsed: 0.001 s
test005 - 1.4  Time elapsed: 0 s
test006 - 1.4  Time elapsed: 0 s
test007 - 1.4  Time elapsed: 0 s
test008 - 1.4  Time elapsed: 0 s
test009 - 1.4  Time elapsed: 0 s
test010 - 1.4  Time elapsed: 0.001 s
test011 - 1.4  Time elapsed: 0 s
test012 - 1.4  Time elapsed: 0 s
test013 - 1.4  Time elapsed: 0.001 s
test014 - 1.4  Time elapsed: 0 s
test015 - 1.4  Time elapsed: 0.001 s
test016 - 1.4  Time elapsed: 0 s
test017 - 1.4  Time elapsed: 0 s
testA - 1.4  Time elapsed: 0.001 s
testAA_1 - 1.4  Time elapsed: 0.001 s
testAA_2 - 1.4  Time elapsed: 0 s
testAA_3 - 1.4  Time elapsed: 0.001 s
testAA_4 - 1.4  Time elapsed: 0 s
testAB_1FHU9LU - 1.4  Time elapsed: 0 s
testAC_1FJ8D9Z_1 - 1.4  Time elapsed: 0 s
testAC_1FJ8D9Z_2 - 1.4  Time elapsed: 0 s
testAC_1FJ8D9Z_3 - 1.4  Time elapsed: 0.001 s
testB - 1.4  Time elapsed: 0 s
testBA_1 - 1.4  Time elapsed: 0.001 s
testBA_2 - 1.4  Time elapsed: 0 s
testBB_1FHJ8H9 - 1.4  Time elapsed: 0 s
testBC_1FJ4GSG_1 - 1.4  Time elapsed: 0.001 s
testBC_1FJ4GSG_2 - 1.4  Time elapsed: 0 s
testBC_1FJ4GSG_3 - 1.4  Time elapsed: 0.001 s
testBug292087a - 1.4  Time elapsed: 0 s
testBug292087b - 1.4  Time elapsed: 0 s
testBug310423 - 1.4  Time elapsed: 0.001 s
testBug338789 - 1.4  Time elapsed: 0 s
testBug338789b - 1.4  Time elapsed: 0 s
testBug343637 - 1.4  Time elapsed: 0 s
testBug346415 - 1.4  Time elapsed: 0 s
testBug346454 - 1.4  Time elapsed: 0 s
testBug346454b - 1.4  Time elapsed: 0 s
testC - 1.4  Time elapsed: 0.001 s
testCA_1FGPJQZ - 1.4  Time elapsed: 0 s
testCB_1FHSKQ9_1 - 1.4  Time elapsed: 0 s
testCB_1FHSKQ9_2 - 1.4  Time elapsed: 0 s
testCC_1FJ64I9 - 1.4  Time elapsed: 0 s
testDA_1 - 1.4  Time elapsed: 0.001 s
testDA_2 - 1.4  Time elapsed: 0 s
testDA_3 - 1.4  Time elapsed: 0 s
testDA_4 - 1.4  Time elapsed: 0 s
testDA_5 - 1.4  Time elapsed: 0 s
testDB_1FHSLDR - 1.4  Time elapsed: 0.001 s
testDC_1FJJ0JR_1 - 1.4  Time elapsed: 0 s
testD_1 - 1.4  Time elapsed: 0 s
testD_2 - 1.4  Time elapsed: 0 s
testEA_1 - 1.4  Time elapsed: 0 s
testEA_2 - 1.4  Time elapsed: 0.001 s
testEB_1FI74S3 - 1.4  Time elapsed: 0 s
testEC_1FSBZ2Y - 1.4  Time elapsed: 0.001 s
testE_1FG1YDS_1 - 1.4  Time elapsed: 0 s
testE_1FG1YDS_2 - 1.4  Time elapsed: 0 s
testE_1FG1YDS_3 - 1.4  Time elapsed: 0 s
testF - 1.4  Time elapsed: 0 s
testFA_1 - 1.4  Time elapsed: 0 s
testFA_2 - 1.4  Time elapsed: 0 s
testFB_1FI74S3 - 1.4  Time elapsed: 0 s
testFC_1FSBZ9B - 1.4  Time elapsed: 0.001 s
testG - 1.4  Time elapsed: 0 s
testGA - 1.4  Time elapsed: 0.001 s
testGB_1FI74S3 - 1.4  Time elapsed: 0 s
testGC_1FSHLHV_1 - 1.4  Time elapsed: 0 s
testGC_1FSHLHV_2 - 1.4  Time elapsed: 0.001 s
testGC_1FSHLHV_3 - 1.4  Time elapsed: 0 s
testGC_1FSHLHV_4 - 1.4  Time elapsed: 0.001 s
testH - 1.4  Time elapsed: 0 s
testHA_1 - 1.4  Time elapsed: 0.001 s
testHA_2 - 1.4  Time elapsed: 0 s
testHB_1FHSLDR - 1.4  Time elapsed: 0.001 s
testHC_1FMPYO3_1 - 1.4  Time elapsed: 0 s
testHC_1FMPYO3_2 - 1.4  Time elapsed: 0.001 s
testI - 1.4  Time elapsed: 0 s
testIA_1FGNBPR_1 - 1.4  Time elapsed: 0 s
testIA_1FGNBPR_2 - 1.4  Time elapsed: 0.001 s
testIB - 1.4  Time elapsed: 0 s
testIC_1FMGUPR - 1.4  Time elapsed: 0 s
testJ - 1.4  Time elapsed: 0.001 s
testJA_1FGQVW2_1 - 1.4  Time elapsed: 0 s
testJA_1FGQVW2_2 - 1.4  Time elapsed: 0 s
testJB - 1.4  Time elapsed: 0.001 s
testJC_1FLG1ZC - 1.4  Time elapsed: 0 s
testKA_1FH5SU5 - 1.4  Time elapsed: 0 s
testKB - 1.4  Time elapsed: 0.001 s
testKC_1FLG1ZC - 1.4  Time elapsed: 0.001 s
testK_1 - 1.4  Time elapsed: 0 s
testK_2 - 1.4  Time elapsed: 0.001 s
testK_3 - 1.4  Time elapsed: 0 s
testK_4 - 1.4  Time elapsed: 0 s
testLA_1FGLMOF - 1.4  Time elapsed: 0 s
testLB - 1.4  Time elapsed: 0 s
testLC_1FLG1E2 - 1.4  Time elapsed: 0 s
testL_1 - 1.4  Time elapsed: 0.001 s
testL_2 - 1.4  Time elapsed: 0 s
testL_3 - 1.4  Time elapsed: 0 s
testMA_1 - 1.4  Time elapsed: 0.001 s
testMA_2 - 1.4  Time elapsed: 0 s
testMA_3 - 1.4  Time elapsed: 0.001 s
testMB_1FHSLMQ_1 - 1.4  Time elapsed: 0 s
testMB_1FHSLMQ_2 - 1.4  Time elapsed: 0 s
testMC_1FJ8D9Z - 1.4  Time elapsed: 0 s
testM_1FGGLMT - 1.4  Time elapsed: 0 s
testN - 1.4  Time elapsed: 0.001 s
testNA_1 - 1.4  Time elapsed: 0 s
testNA_2 - 1.4  Time elapsed: 0.001 s
testNA_3 - 1.4  Time elapsed: 0 s
testNB - 1.4  Time elapsed: 0.001 s
testNC_1FJ8D9Z - 1.4  Time elapsed: 0 s
testOA_1 - 1.4  Time elapsed: 0 s
testOA_2 - 1.4  Time elapsed: 0 s
testOB_1 - 1.4  Time elapsed: 0 s
testOB_2 - 1.4  Time elapsed: 0 s
testOC_1FM7J7F - 1.4  Time elapsed: 0 s
testO_1FG1YU0 - 1.4  Time elapsed: 0 s
testPA_1 - 1.4  Time elapsed: 0.001 s
testPA_2 - 1.4  Time elapsed: 0 s
testPB - 1.4  Time elapsed: 0 s
testPC_1FSU4EF - 1.4  Time elapsed: 0.001 s
testP_1FG1YU0 - 1.4  Time elapsed: 0 s
testQA_1 - 1.4  Time elapsed: 0 s
testQA_2 - 1.4  Time elapsed: 0 s
testQA_3 - 1.4  Time elapsed: 0 s
testQA_4 - 1.4  Time elapsed: 0.001 s
testQB_1FIK820 - 1.4  Time elapsed: 0 s
testQ_1FG1YU0 - 1.4  Time elapsed: 0 s
testRA_1 - 1.4  Time elapsed: 0.001 s
testRA_2 - 1.4  Time elapsed: 0 s
testRA_3 - 1.4  Time elapsed: 0 s
testRB_1FI74S3 - 1.4  Time elapsed: 0.001 s
testR_1FGD31E - 1.4  Time elapsed: 0 s
testSA - 1.4  Time elapsed: 0 s
testSB_1FILFDG - 1.4  Time elapsed: 0.001 s
testS_1FGF64P_1 - 1.4  Time elapsed: 0 s
testS_1FGF64P_2 - 1.4  Time elapsed: 0 s
testS_1FGF64P_3 - 1.4  Time elapsed: 0.001 s
testTA_1FHISJJ_1 - 1.4  Time elapsed: 0 s
testTA_1FHISJJ_2 - 1.4  Time elapsed: 0 s
testTA_1FHISJJ_3 - 1.4  Time elapsed: 0.001 s
testTB_1FHSLMQ - 1.4  Time elapsed: 0 s
testT_1FGF64P - 1.4  Time elapsed: 0 s
testUA_1FHISJJ_1 - 1.4  Time elapsed: 0.001 s
testUA_1FHISJJ_2 - 1.4  Time elapsed: 0 s
testUB_1FSBZ02 - 1.4  Time elapsed: 0 s
testU_1FGGUME - 1.4  Time elapsed: 0.001 s
testVA_1FHISJJ_1 - 1.4  Time elapsed: 0 s
testVA_1FHISJJ_2 - 1.4  Time elapsed: 0 s
testVB_1 - 1.4  Time elapsed: 0.001 s
testVB_3 - 1.4  Time elapsed: 0 s
testV_1FGGUOO_1 - 1.4  Time elapsed: 0 s
testV_1FGGUOO_2 - 1.4  Time elapsed: 0 s
testWA_1 - 1.4  Time elapsed: 0 s
testWA_2 - 1.4  Time elapsed: 0.001 s
testWB_1FI313C - 1.4  Time elapsed: 0 s
testW_1FGGUS4 - 1.4  Time elapsed: 0.001 s
testXA_1FGGUQF_1FHSL8H_2 - 1.4  Time elapsed: 0 s
testXA_1FGGUQF_1FHSL8H_3 - 1.4  Time elapsed: 0 s
testXA_1FGGUQF_1FHSL8H_4 - 1.4  Time elapsed: 0 s
testXB_1FIYM5I_1 - 1.4  Time elapsed: 0.001 s
testXB_1FIYM5I_2 - 1.4  Time elapsed: 0 s
testXB_1FIYM5I_3 - 1.4  Time elapsed: 0 s
testXB_1FIYM5I_4 - 1.4  Time elapsed: 0.001 s
testX_1FGGV8C_1 - 1.4  Time elapsed: 0 s
testX_1FGGV8C_2 - 1.4  Time elapsed: 0 s
testX_1FGGV8C_3 - 1.4  Time elapsed: 0.001 s
testX_1FGGV8C_4 - 1.4  Time elapsed: 0 s
testX_1FGPE8E - 1.4  Time elapsed: 0 s
testYA_1FGRIUH - 1.4  Time elapsed: 0.001 s
testYB_1FJ4D46_1 - 1.4  Time elapsed: 0 s
testY_1FGPESI - 1.4  Time elapsed: 0 s
testZA_1 - 1.4  Time elapsed: 0.001 s
testZA_2 - 1.4  Time elapsed: 0 s
testZA_3 - 1.4  Time elapsed: 0 s
testZB_1FJ4D46_1 - 1.4  Time elapsed: 0 s
testZB_1FJ4D46_2 - 1.4  Time elapsed: 0 s
testZ_1FGPF3D_1 - 1.4  Time elapsed: 0 s
testZ_1FGPF3D_2 - 1.4  Time elapsed: 0 s
test0001 - 1.4  Time elapsed: 0 s
test0002_Diet - 1.4  Time elapsed: 0 s
test0002_Method - 1.4  Time elapsed: 0 s
test0003_Diet - 1.4  Time elapsed: 0 s
test0003_Method - 1.4  Time elapsed: 0 s
test0004 - 1.4  Time elapsed: 0 s
test0005_Diet - 1.4  Time elapsed: 0 s
test0005_Method - 1.4  Time elapsed: 0.001 s
test0006_Diet - 1.4  Time elapsed: 0 s
test0006_Method - 1.4  Time elapsed: 0 s
test0007 - 1.4  Time elapsed: 0 s
test0008_Diet - 1.4  Time elapsed: 0.001 s
test0008_Method - 1.4  Time elapsed: 0 s
test0009_Diet - 1.4  Time elapsed: 0 s
test0009_Method - 1.4  Time elapsed: 0 s
test0010 - 1.4  Time elapsed: 0.001 s
test0011_Diet - 1.4  Time elapsed: 0 s
test0011_Method - 1.4  Time elapsed: 0 s
test0012_Diet - 1.4  Time elapsed: 0 s
test0012_Method - 1.4  Time elapsed: 0 s
test0013 - 1.4  Time elapsed: 0 s
test0014_Diet - 1.4  Time elapsed: 0 s
test0014_Method - 1.4  Time elapsed: 0 s
test0015_Diet - 1.4  Time elapsed: 0 s
test0015_Method - 1.4  Time elapsed: 0 s
test0016 - 1.4  Time elapsed: 0 s
test0017_Diet - 1.4  Time elapsed: 0 s
test0017_Method - 1.4  Time elapsed: 0 s
test0018_Diet - 1.4  Time elapsed: 0.001 s
test0018_Method - 1.4  Time elapsed: 0 s
test0019 - 1.4  Time elapsed: 0 s
test0020_Diet - 1.4  Time elapsed: 0 s
test0020_Method - 1.4  Time elapsed: 0 s
test0021_Diet - 1.4  Time elapsed: 0 s
test0021_Method - 1.4  Time elapsed: 0 s
test0022 - 1.4  Time elapsed: 0.001 s
test0023_Diet - 1.4  Time elapsed: 0 s
test0023_Method - 1.4  Time elapsed: 0 s
test0024_Diet - 1.4  Time elapsed: 0.001 s
test0024_Method - 1.4  Time elapsed: 0 s
test0025 - 1.4  Time elapsed: 0 s
test0026_Diet - 1.4  Time elapsed: 0 s
test0026_Method - 1.4  Time elapsed: 0 s
[...]
test0028_Method - 11  Time elapsed: 0 s
test0029_Diet - 11  Time elapsed: 0 s
test0029_Method - 11  Time elapsed: 0 s
test0030 - 11  Time elapsed: 0 s
test0031 - 11  Time elapsed: 0 s
test0032 - 11  Time elapsed: 0 s
test0033 - 11  Time elapsed: 0 s
test0034_Diet - 11  Time elapsed: 0 s
test0034_Method - 11  Time elapsed: 0.001 s
test0035_Diet - 11  Time elapsed: 0 s
test0035_Method - 11  Time elapsed: 0 s
test0036 - 11  Time elapsed: 0 s
test0037 - 11  Time elapsed: 0 s
test0038 - 11  Time elapsed: 0 s
test0039 - 11  Time elapsed: 0 s
test0040_Diet - 11  Time elapsed: 0.001 s
test0040_Method - 11  Time elapsed: 0 s
test0041_Diet - 11  Time elapsed: 0 s
test0041_Method - 11  Time elapsed: 0 s
test0042 - 11  Time elapsed: 0 s
test0043 - 11  Time elapsed: 0 s
test0044 - 11  Time elapsed: 0 s
test0045 - 11  Time elapsed: 0 s
test0046_Diet - 11  Time elapsed: 0 s
test0046_Method - 11  Time elapsed: 0 s
test0047_Diet - 11  Time elapsed: 0.001 s
test0047_Method - 11  Time elapsed: 0 s
test0048 - 11  Time elapsed: 0 s
test0049 - 11  Time elapsed: 0 s
test0050 - 11  Time elapsed: 0 s
test0051 - 11  Time elapsed: 0 s
test0052_Diet - 11  Time elapsed: 0 s
test0052_Method - 11  Time elapsed: 0.001 s
test0053_Diet - 11  Time elapsed: 0 s
test0053_Method - 11  Time elapsed: 0 s
test0054 - 11  Time elapsed: 0.001 s
test0055 - 11  Time elapsed: 0 s
test0056 - 11  Time elapsed: 0 s
test0057 - 11  Time elapsed: 0 s
test0058_Diet - 11  Time elapsed: 0 s
test0058_Method - 11  Time elapsed: 0 s
test0059_Diet - 11  Time elapsed: 0 s
test0059_Method - 11  Time elapsed: 0.001 s
test0060 - 11  Time elapsed: 0 s
test0061 - 11  Time elapsed: 0 s
test0062 - 11  Time elapsed: 0.001 s
test0063 - 11  Time elapsed: 0 s
test0064_Diet - 11  Time elapsed: 0 s
test0064_Method - 11  Time elapsed: 0 s
test0065_Diet - 11  Time elapsed: 0 s
test0065_Method - 11  Time elapsed: 0 s
test0066 - 11  Time elapsed: 0 s
test0067 - 11  Time elapsed: 0.001 s
test0068 - 11  Time elapsed: 0 s
test0069 - 11  Time elapsed: 0 s
test0070_Diet - 11  Time elapsed: 0 s
test0070_Method - 11  Time elapsed: 0 s
test0071_Diet - 11  Time elapsed: 0 s
test0071_Method - 11  Time elapsed: 0 s
test0072 - 11  Time elapsed: 0 s
test0073 - 11  Time elapsed: 0 s
test0074 - 11  Time elapsed: 0 s
test0075 - 11  Time elapsed: 0.001 s
test0076 - 11  Time elapsed: 0 s
test0078 - 11  Time elapsed: 0 s
test0079 - 11  Time elapsed: 0 s
test0080 - 11  Time elapsed: 0 s
test0081 - 11  Time elapsed: 0 s
test0082 - 11  Time elapsed: 0 s
test0083 - 11  Time elapsed: 0.001 s
test0084 - 11  Time elapsed: 0 s
test0085 - 11  Time elapsed: 0 s
test0086 - 11  Time elapsed: 0.001 s
test0087 - 11  Time elapsed: 0 s
test0088 - 11  Time elapsed: 0 s
test0089 - 11  Time elapsed: 0 s
test0090 - 11  Time elapsed: 0 s
test0091 - 11  Time elapsed: 0 s
test0092 - 11  Time elapsed: 0 s
test0093 - 11  Time elapsed: 0.001 s
test0094 - 11  Time elapsed: 0 s
test0095 - 11  Time elapsed: 0 s
test0096 - 11  Time elapsed: 0 s
test0097 - 11  Time elapsed: 0 s
test0098 - 11  Time elapsed: 0 s
test0099 - 11  Time elapsed: 0 s
test0100 - 11  Time elapsed: 0.001 s
test0101 - 11  Time elapsed: 0 s
test0102 - 11  Time elapsed: 0 s
test0103 - 11  Time elapsed: 0 s
test0104 - 11  Time elapsed: 0 s
test0105_Diet - 11  Time elapsed: 0 s
test0105_Method - 11  Time elapsed: 0 s
test0106_Diet - 11  Time elapsed: 0.001 s
test0106_Method - 11  Time elapsed: 0 s
test0107_Diet - 11  Time elapsed: 0 s
test0107_Method - 11  Time elapsed: 0 s
test0108_Diet - 11  Time elapsed: 0 s
test0108_Method - 11  Time elapsed: 0 s
test0109_Diet - 11  Time elapsed: 0 s
test0109_Method - 11  Time elapsed: 0.001 s
test0110_Diet - 11  Time elapsed: 0 s
test0110_Method - 11  Time elapsed: 0 s
test0111_Diet - 11  Time elapsed: 0 s
test0111_Method - 11  Time elapsed: 0 s
test0112_Diet - 11  Time elapsed: 0 s
test0112_Method - 11  Time elapsed: 0 s
test0113_Diet - 11  Time elapsed: 0 s
test0113_Method - 11  Time elapsed: 0 s
test0114_Diet - 11  Time elapsed: 0 s
test0114_Method - 11  Time elapsed: 0 s
test0115 - 11  Time elapsed: 0 s
test0116 - 11  Time elapsed: 0 s
test0117 - 11  Time elapsed: 0 s
test0118 - 11  Time elapsed: 0 s
test0119_Diet - 11  Time elapsed: 0 s
test0119_Method - 11  Time elapsed: 0 s
test0120_Diet - 11  Time elapsed: 0.001 s
test0120_Method - 11  Time elapsed: 0 s
test0121 - 11  Time elapsed: 0 s
test0122 - 11  Time elapsed: 0 s
test0123 - 11  Time elapsed: 0 s
test0124 - 11  Time elapsed: 0 s
test0125 - 11  Time elapsed: 0 s
test0126 - 11  Time elapsed: 0 s
test0127 - 11  Time elapsed: 0 s
test0128 - 11  Time elapsed: 0 s
test0129 - 11  Time elapsed: 0.001 s
test0001 - 11  Time elapsed: 0 s
test0002 - 11  Time elapsed: 0.001 s
test0003 - 11  Time elapsed: 0 s
test0004 - 11  Time elapsed: 0 s
test0005 - 11  Time elapsed: 0 s
test0006 - 11  Time elapsed: 0 s
test0007 - 11  Time elapsed: 0 s
test0008 - 11  Time elapsed: 0 s
test0009 - 11  Time elapsed: 0 s
test0010 - 11  Time elapsed: 0 s
test0011 - 11  Time elapsed: 0 s
test0012 - 11  Time elapsed: 0 s
test0013 - 11  Time elapsed: 0 s
test0014 - 11  Time elapsed: 0 s
test0015 - 11  Time elapsed: 0 s
test0016 - 11  Time elapsed: 0 s
test0017 - 11  Time elapsed: 0.001 s
test0018 - 11  Time elapsed: 0 s
test0019 - 11  Time elapsed: 0 s
test0020 - 11  Time elapsed: 0 s
test0021 - 11  Time elapsed: 0 s
test0022 - 11  Time elapsed: 0 s
test0023 - 11  Time elapsed: 0 s
test0024 - 11  Time elapsed: 0.001 s
test0001 - 11  Time elapsed: 0 s
test0002 - 11  Time elapsed: 0 s
test0003 - 11  Time elapsed: 0 s
test0004 - 11  Time elapsed: 0 s
test0006 - 11  Time elapsed: 0 s
test0007 - 11  Time elapsed: 0 s
test0008 - 11  Time elapsed: 0 s
test0009 - 11  Time elapsed: 0.001 s
test0010 - 11  Time elapsed: 0 s
test0011 - 11  Time elapsed: 0 s
test0012 - 11  Time elapsed: 0 s
test0013 - 11  Time elapsed: 0 s
test0014 - 11  Time elapsed: 0 s
test0015 - 11  Time elapsed: 0 s
test0016 - 11  Time elapsed: 0 s
test0017 - 11  Time elapsed: 0 s
test0001 - 11  Time elapsed: 0 s
test0001 - 11  Time elapsed: 0.001 s
test0002 - 11  Time elapsed: 0.001 s
test0003 - 11  Time elapsed: 0.001 s
test0004 - 11  Time elapsed: 0.001 s
test0005 - 11  Time elapsed: 0.002 s
test0006 - 11  Time elapsed: 0.001 s
test0007 - 11  Time elapsed: 0.002 s
test0008 - 11  Time elapsed: 0.001 s
test0009 - 11  Time elapsed: 0.002 s
test0010 - 11  Time elapsed: 0.001 s
test0011 - 11  Time elapsed: 0.001 s
test0012 - 11  Time elapsed: 0.001 s
test0013 - 11  Time elapsed: 0.001 s
test0014 - 11  Time elapsed: 0.002 s
test0015 - 11  Time elapsed: 0.001 s
test0016 - 11  Time elapsed: 0.002 s
test0017 - 11  Time elapsed: 0.002 s
test0018 - 11  Time elapsed: 0.002 s
test0019 - 11  Time elapsed: 0.003 s
test0020 - 11  Time elapsed: 0 s
test0021 - 11  Time elapsed: 0.003 s
test0022 - 11  Time elapsed: 0.002 s
test0023 - 11  Time elapsed: 0.002 s
test0024 - 11  Time elapsed: 0.001 s
test0025 - 11  Time elapsed: 0.002 s
test0026 - 11  Time elapsed: 0.002 s
test0001 - 11  Time elapsed: 0.001 s
test0002 - 11  Time elapsed: 0.001 s
test0003 - 11  Time elapsed: 0.001 s
test0004 - 11  Time elapsed: 0.001 s
test0005 - 11  Time elapsed: 0.001 s
test0006 - 11  Time elapsed: 0.001 s
test0007 - 11  Time elapsed: 0.001 s
test0008 - 11  Time elapsed: 0.001 s
test0009 - 11  Time elapsed: 0.001 s
test0010 - 11  Time elapsed: 0.001 s
test0011 - 11  Time elapsed: 0.001 s
test0012 - 11  Time elapsed: 0.002 s
test0013 - 11  Time elapsed: 0.001 s
test0014 - 11  Time elapsed: 0.001 s
test0015 - 11  Time elapsed: 0.001 s
test0016 - 11  Time elapsed: 0.001 s
test0017 - 11  Time elapsed: 0.001 s
test0001 - 11  Time elapsed: 0.001 s
test0002 - 11  Time elapsed: 0.001 s
test0003 - 11  Time elapsed: 0.001 s
test0004 - 11  Time elapsed: 0.001 s
test0005 - 11  Time elapsed: 0.001 s
test0006 - 11  Time elapsed: 0.002 s
test0007 - 11  Time elapsed: 0.001 s
test0008 - 11  Time elapsed: 0.002 s
test0009 - 11  Time elapsed: 0.002 s
test0010 - 11  Time elapsed: 0.002 s
test0011 - 11  Time elapsed: 0.001 s
test0012 - 11  Time elapsed: 0.002 s
test0013 - 11  Time elapsed: 0.001 s
test0014 - 11  Time elapsed: 0.001 s
test0015 - 11  Time elapsed: 0.001 s
test0016 - 11  Time elapsed: 0.003 s
test0017 - 11  Time elapsed: 0.003 s
test0018 - 11  Time elapsed: 0.003 s
test0019 - 11  Time elapsed: 0.002 s
test0020 - 11  Time elapsed: 0.004 s
test0021 - 11  Time elapsed: 0.002 s
test0022 - 11  Time elapsed: 0.004 s
test0023 - 11  Time elapsed: 0.003 s
test0024 - 11  Time elapsed: 0.002 s
test0025 - 11  Time elapsed: 0.003 s
test0026 - 11  Time elapsed: 0.001 s
test0027 - 11  Time elapsed: 0.001 s
test0028 - 11  Time elapsed: 0.002 s
test0030 - 11  Time elapsed: 0.002 s
test0031 - 11  Time elapsed: 0.002 s
test0032 - 11  Time elapsed: 0.001 s
test0033 - 11  Time elapsed: 0.002 s
test0034 - 11  Time elapsed: 0.002 s
test0035 - 11  Time elapsed: 0.002 s
test0036 - 11  Time elapsed: 0.001 s
test0037 - 11  Time elapsed: 0.001 s
test0038 - 11  Time elapsed: 0.002 s
test0039 - 11  Time elapsed: 0 s
test0040 - 11  Time elapsed: 0.001 s
test0041 - 11  Time elapsed: 0.002 s
test0001 - 11  Time elapsed: 0.002 s
test0002 - 11  Time elapsed: 0.003 s
test0003 - 11  Time elapsed: 0.003 s
test0004 - 11  Time elapsed: 0.002 s
test0005 - 11  Time elapsed: 0.003 s
test0006 - 11  Time elapsed: 0.002 s
test0007 - 11  Time elapsed: 0.003 s
test0008 - 11  Time elapsed: 0.002 s
test0001 - 11  Time elapsed: 0.001 s
test0002 - 11  Time elapsed: 0.001 s
test0003 - 11  Time elapsed: 0.001 s
test0004 - 11  Time elapsed: 0.001 s
test0005 - 11  Time elapsed: 0.001 s
test0006 - 11  Time elapsed: 0.001 s
test0007 - 11  Time elapsed: 0.001 s
test0008 - 11  Time elapsed: 0.001 s
test0009 - 11  Time elapsed: 0.001 s
test0010 - 11  Time elapsed: 0.001 s
test0011 - 11  Time elapsed: 0.001 s
test0012 - 11  Time elapsed: 0.001 s
test0001 - 11  Time elapsed: 0 s
test00010 - 11  Time elapsed: 0 s
test0002 - 11  Time elapsed: 0 s
test0003 - 11  Time elapsed: 0 s
test0004 - 11  Time elapsed: 0 s
test0005 - 11  Time elapsed: 0 s
test0006 - 11  Time elapsed: 0 s
test0007 - 11  Time elapsed: 0 s
test0008 - 11  Time elapsed: 0 s
test0009 - 11  Time elapsed: 0 s
test0011 - 11  Time elapsed: 0 s
test0012 - 11  Time elapsed: 0 s
test0013 - 11  Time elapsed: 0 s
test0014 - 11  Time elapsed: 0 s
test0015 - 11  Time elapsed: 0 s
test0016 - 11  Time elapsed: 0 s
test0017 - 11  Time elapsed: 0.001 s
test0018 - 11  Time elapsed: 0 s
test0019 - 11  Time elapsed: 0 s
test385132 - 11  Time elapsed: 0.001 s
testNestedLambda01 - 11  Time elapsed: 0 s
test0001 - 11  Time elapsed: 0 s
test0002 - 11  Time elapsed: 0 s
test0003 - 11  Time elapsed: 0 s
test0004 - 11  Time elapsed: 0 s
test0005 - 11  Time elapsed: 0 s
test0006 - 11  Time elapsed: 0 s
test0007 - 11  Time elapsed: 0 s
test0008 - 11  Time elapsed: 0 s
test0009 - 11  Time elapsed: 0 s
test0010 - 11  Time elapsed: 0.001 s
test0011 - 11  Time elapsed: 0 s
test0012 - 11  Time elapsed: 0 s
test0013 - 11  Time elapsed: 0.001 s
test0014 - 11  Time elapsed: 0 s
test0015 - 11  Time elapsed: 0 s
test0016 - 11  Time elapsed: 0.001 s
test0017 - 11  Time elapsed: 0 s
test0018 - 11  Time elapsed: 0 s
test0019 - 11  Time elapsed: 0 s
test0020 - 11  Time elapsed: 0 s
test385132 - 11  Time elapsed: 0 s
test385374 - 11  Time elapsed: 0.001 s
test385374a - 11  Time elapsed: 0 s
test0001 - 11  Time elapsed: 0 s
test0002 - 11  Time elapsed: 0 s
test0003 - 11  Time elapsed: 0.001 s
test0004 - 11  Time elapsed: 0.001 s
test0005 - 11  Time elapsed: 0 s
test0006 - 11  Time elapsed: 0.001 s
test0008 - 11  Time elapsed: 0.001 s
test0009 - 11  Time elapsed: 0 s
test0010 - 11  Time elapsed: 0 s
test0011 - 11  Time elapsed: 0.001 s
test0012 - 11  Time elapsed: 0.001 s
test0013 - 11  Time elapsed: 0.001 s
test0014 - 11  Time elapsed: 0.001 s
test0015 - 11  Time elapsed: 0.001 s
test0016 - 11  Time elapsed: 0 s
test0017 - 11  Time elapsed: 0 s
test0018 - 11  Time elapsed: 0.001 s
test0019 - 11  Time elapsed: 0.001 s
test0020 - 11  Time elapsed: 0 s
test0021 - 11  Time elapsed: 0.001 s
test0022 - 11  Time elapsed: 0.001 s
test0023 - 11  Time elapsed: 0.001 s
test0024 - 11  Time elapsed: 0.001 s
test0025 - 11  Time elapsed: 0 s
test0026 - 11  Time elapsed: 0 s
test0027 - 11  Time elapsed: 0 s
test0028 - 11  Time elapsed: 0 s
test0029 - 11  Time elapsed: 0 s
test0030 - 11  Time elapsed: 0 s
test0031 - 11  Time elapsed: 0.001 s
test0032 - 11  Time elapsed: 0 s
test0033 - 11  Time elapsed: 0 s
test0034 - 11  Time elapsed: 0.001 s
test0035 - 11  Time elapsed: 0 s
test0036 - 11  Time elapsed: 0.001 s
test0037 - 11  Time elapsed: 0.001 s
test0038 - 11  Time elapsed: 0 s
test0039 - 11  Time elapsed: 0.001 s
test0040 - 11  Time elapsed: 0.001 s
test0041 - 11  Time elapsed: 0 s
test0042 - 11  Time elapsed: 0 s
test0043 - 11  Time elapsed: 0.001 s
test0044 - 11  Time elapsed: 0 s
test0045 - 11  Time elapsed: 0 s
test0046 - 11  Time elapsed: 0.001 s
test0047 - 11  Time elapsed: 0 s
test0048 - 11  Time elapsed: 0 s
test0049 - 11  Time elapsed: 0.001 s
test0050 - 11  Time elapsed: 0.001 s
test0051 - 11  Time elapsed: 0 s
test0052 - 11  Time elapsed: 0 s
test0053 - 11  Time elapsed: 0.001 s
test0054 - 11  Time elapsed: 0.001 s
test0055 - 11  Time elapsed: 0 s
test0056 - 11  Time elapsed: 0 s
test0057 - 11  Time elapsed: 0.001 s
test0058 - 11  Time elapsed: 0.001 s
test0059 - 11  Time elapsed: 0.001 s
test0060 - 11  Time elapsed: 0.002 s
test0061 - 11  Time elapsed: 0.002 s
test0062 - 11  Time elapsed: 0.001 s
test0063 - 11  Time elapsed: 0.002 s
test0064 - 11  Time elapsed: 0.001 s
test0066 - 11  Time elapsed: 0.001 s
test0067 - 11  Time elapsed: 0.001 s
test0068 - 11  Time elapsed: 0.001 s
test0069 - 11  Time elapsed: 0 s
test007 - 11  Time elapsed: 0 s
test0070 - 11  Time elapsed: 0.001 s
test0071 - 11  Time elapsed: 0.001 s
test0072 - 11  Time elapsed: 0.001 s
test0073 - 11  Time elapsed: 0.001 s
test0074 - 11  Time elapsed: 0.001 s
test0075 - 11  Time elapsed: 0.001 s
test0076 - 11  Time elapsed: 0.001 s
test0077 - 11  Time elapsed: 0 s
test0078 - 11  Time elapsed: 0 s
test0079 - 11  Time elapsed: 0 s
test0080 - 11  Time elapsed: 0 s
test0081 - 11  Time elapsed: 0.001 s
test0082 - 11  Time elapsed: 0.001 s
test0083 - 11  Time elapsed: 0.001 s
test0084 - 11  Time elapsed: 0.001 s
test0085 - 11  Time elapsed: 0.002 s
test0086 - 11  Time elapsed: 0.001 s
test0087 - 11  Time elapsed: 0.001 s
test0088 - 11  Time elapsed: 0.001 s
test0089 - 11  Time elapsed: 0.001 s
test0090 - 11  Time elapsed: 0.001 s
test0091 - 11  Time elapsed: 0.001 s
test0092 - 11  Time elapsed: 0.001 s
test0093 - 11  Time elapsed: 0.001 s
test0094 - 11  Time elapsed: 0.001 s
test0095 - 11  Time elapsed: 0.001 s
test0096 - 11  Time elapsed: 0.001 s
test0097 - 11  Time elapsed: 0.001 s
test0098 - 11  Time elapsed: 0.001 s
test0099 - 11  Time elapsed: 0.001 s
test0100 - 11  Time elapsed: 0.001 s
test0101 - 11  Time elapsed: 0.001 s
test0102 - 11  Time elapsed: 0.018 s
test0103 - 11  Time elapsed: 0.001 s
test0104 - 11  Time elapsed: 0.001 s
test0105 - 11  Time elapsed: 0.001 s
test0106 - 11  Time elapsed: 0 s
test0107 - 11  Time elapsed: 0.002 s
test0108 - 11  Time elapsed: 0 s
test0109 - 11  Time elapsed: 0 s
test0110 - 11  Time elapsed: 0 s
test0111 - 11  Time elapsed: 0 s
test0112 - 11  Time elapsed: 0.001 s
test0113 - 11  Time elapsed: 0.001 s
test0114 - 11  Time elapsed: 0 s
test0115 - 11  Time elapsed: 0 s
test0116 - 11  Time elapsed: 0.001 s
test0117 - 11  Time elapsed: 0.002 s
test0118 - 11  Time elapsed: 0.001 s
test0119 - 11  Time elapsed: 0.001 s
test0120 - 11  Time elapsed: 0.001 s
test0121 - 11  Time elapsed: 0.001 s
test0122 - 11  Time elapsed: 0.001 s
test0123 - 11  Time elapsed: 0.001 s
test0125 - 11  Time elapsed: 0 s
test0126 - 11  Time elapsed: 0 s
test0127 - 11  Time elapsed: 0 s
test0128 - 11  Time elapsed: 0 s
test0129 - 11  Time elapsed: 0 s
test0130 - 11  Time elapsed: 0.001 s
test0131 - 11  Time elapsed: 0 s
test0132 - 11  Time elapsed: 0 s
test0133 - 11  Time elapsed: 0 s
test0134 - 11  Time elapsed: 0 s
test0135 - 11  Time elapsed: 0.001 s
test0136 - 11  Time elapsed: 0 s
test0137 - 11  Time elapsed: 0 s
test0138 - 11  Time elapsed: 0.001 s
test0139 - 11  Time elapsed: 0 s
test0001 - 11  Time elapsed: 0 s
test0002 - 11  Time elapsed: 0 s
test0003 - 11  Time elapsed: 0 s
test0004 - 11  Time elapsed: 0 s
test0005 - 11  Time elapsed: 0.001 s
test0006 - 11  Time elapsed: 0 s
test0007 - 11  Time elapsed: 0 s
test0010 - 11  Time elapsed: 0 s
test402081 - 11  Time elapsed: 0 s
test405126 - 11  Time elapsed: 0 s
test417935 - 11  Time elapsed: 0 s
test422468 - 11  Time elapsed: 0.001 s
test424080 - 11  Time elapsed: 0 s
test425084 - 11  Time elapsed: 0 s
test425084b - 11  Time elapsed: 0 s
test427117 - 11  Time elapsed: 0 s
test427255 - 11  Time elapsed: 0 s
test427322 - 11  Time elapsed: 0 s
test427322a - 11  Time elapsed: 0 s
test427463 - 11  Time elapsed: 0.001 s
test427532 - 11  Time elapsed: 0 s
test428735 - 11  Time elapsed: 0 s
test428735a - 11  Time elapsed: 0 s
test428735b - 11  Time elapsed: 0 s
test428735c - 11  Time elapsed: 0 s
test428735d - 11  Time elapsed: 0 s
test428735e - 11  Time elapsed: 0 s
test428735f - 11  Time elapsed: 0 s
test428735g - 11  Time elapsed: 0.001 s
test428735h - 11  Time elapsed: 0 s
test430656 - 11  Time elapsed: 0 s
test430667 - 11  Time elapsed: 0 s
test430667a - 11  Time elapsed: 0 s
test430667b - 11  Time elapsed: 0 s
test430667c - 11  Time elapsed: 0 s
test430667d - 11  Time elapsed: 0 s
test435219 - 11  Time elapsed: 0 s
test435682 - 11  Time elapsed: 0 s
test438952 - 11  Time elapsed: 0.001 s
test446765 - 11  Time elapsed: 0 s
test473008 - 11  Time elapsed: 0 s
testBrokenMethodCall - 11  Time elapsed: 0 s
testCompletionLocation - 11  Time elapsed: 0.001 s
testElidedCompletion - 11  Time elapsed: 0 s
testElidedCompletion2 - 11  Time elapsed: 0 s
testLocalsPromotion - 11  Time elapsed: 0.001 s
testUnspecifiedReference - 11  Time elapsed: 0 s
test424110 - 11  Time elapsed: 0 s
test424110a - 11  Time elapsed: 0 s
test430572 - 11  Time elapsed: 0 s
test476693 - 11  Time elapsed: 0 s
test495912 - 11  Time elapsed: 0 s
test495912a - 11  Time elapsed: 0.001 s
test495912b - 11  Time elapsed: 0 s
test510339_001_since_9 - 11  Time elapsed: 0 s
test510339_002_since_9 - 11  Time elapsed: 0 s
test510339_003_since_9 - 11  Time elapsed: 0 s
test510339_004_since_9 - 11  Time elapsed: 0 s
test510339_005_since_9 - 11  Time elapsed: 0 s
test510339_006_since_9 - 11  Time elapsed: 0 s
test510339_007_since_9 - 11  Time elapsed: 0 s
test510339_008_since_9 - 11  Time elapsed: 0 s
test510339_009_since_9 - 11  Time elapsed: 0 s
test510339_010_since_9 - 11  Time elapsed: 0 s
test510339_011_since_9 - 11  Time elapsed: 0 s
test001 - 11  Time elapsed: 0.001 s
test002 - 11  Time elapsed: 0 s
test0001 - 11  Time elapsed: 0.001 s
test0002 - 11  Time elapsed: 0 s
test0003 - 11  Time elapsed: 0 s
test0004 - 11  Time elapsed: 0 s
test0005 - 11  Time elapsed: 0 s
test0006 - 11  Time elapsed: 0 s
test0007 - 11  Time elapsed: 0 s
test0008 - 11  Time elapsed: 0 s
test0009 - 11  Time elapsed: 0.001 s
test0010 - 11  Time elapsed: 0 s
test0011 - 11  Time elapsed: 0.001 s
test0012 - 11  Time elapsed: 0 s
test0013 - 11  Time elapsed: 0 s
test0014 - 11  Time elapsed: 0 s
test0015 - 11  Time elapsed: 0 s
test0016 - 11  Time elapsed: 0 s
test0017 - 11  Time elapsed: 0 s
test0018 - 11  Time elapsed: 0 s
test0019 - 11  Time elapsed: 0 s
test0020 - 11  Time elapsed: 0 s
test0021 - 11  Time elapsed: 0 s
test0022 - 11  Time elapsed: 0 s
test0023 - 11  Time elapsed: 0 s
test0024 - 11  Time elapsed: 0 s
test0025 - 11  Time elapsed: 0 s
test0026 - 11  Time elapsed: 0 s
test0027 - 11  Time elapsed: 0 s
testBug518626 - 11  Time elapsed: 0 s
testbug488541 - 11  Time elapsed: 0 s
testbug488541a - 11  Time elapsed: 0.001 s
testbug488541b - 11  Time elapsed: 0 s
test0001_class_var_warning - 11  Time elapsed: 0 s
test0002_interface_var_warning - 11  Time elapsed: 0.001 s
testBug530920 - 11  Time elapsed: 0 s
testBug530920a - 11  Time elapsed: 0.001 s
